[ 2016-05-30T22:06:57+08:00 ] ::1 /whc_dbhw/
INFO: [ app_init ] --START--
INFO: Run Behavior\BuildLiteBehavior [ RunTime:0.000021s ]
INFO: [ app_init ] --END-- [ RunTime:0.000688s ]
INFO: [ app_begin ] --START--
INFO: Run Behavior\ReadHtmlCacheBehavior [ RunTime:0.000993s ]
INFO: [ app_begin ] --END-- [ RunTime:0.001090s ]
INFO: [ view_parse ] --START--
INFO: [ template_filter ] --START--
INFO: Run Behavior\ContentReplaceBehavior [ RunTime:0.000063s ]
INFO: [ template_filter ] --END-- [ RunTime:0.000150s ]
INFO: Run Behavior\ParseTemplateBehavior [ RunTime:0.019740s ]
INFO: [ view_parse ] --END-- [ RunTime:0.019812s ]
INFO: [ view_filter ] --START--
INFO: Run Behavior\WriteHtmlCacheBehavior [ RunTime:0.000636s ]
INFO: [ view_filter ] --END-- [ RunTime:0.000697s ]
INFO: [ app_end ] --START--
INFO: Run Behavior\ShowPageTraceBehavior [ RunTime:0.000923s ]
INFO: [ app_end ] --END-- [ RunTime:0.000990s ]

[ 2016-05-30T22:07:03+08:00 ] ::1 /whc_dbhw/index.php/Home/Index/index.html
INFO: [ app_init ] --START--
INFO: Run Behavior\BuildLiteBehavior [ RunTime:0.000012s ]
INFO: [ app_init ] --END-- [ RunTime:0.000406s ]
INFO: [ app_begin ] --START--
INFO: Run Behavior\ReadHtmlCacheBehavior [ RunTime:0.000552s ]
INFO: [ app_begin ] --END-- [ RunTime:0.000600s ]
SQL: SHOW COLUMNS FROM `stuinfo` [ RunTime:0.0516s ]
SQL: SELECT * FROM `stuinfo` WHERE ( `sno` = 3014218099 )  [ RunTime:0.0004s ]
INFO: [ view_parse ] --START--
INFO: [ template_filter ] --START--
INFO: Run Behavior\ContentReplaceBehavior [ RunTime:0.000038s ]
INFO: [ template_filter ] --END-- [ RunTime:0.000090s ]
INFO: Run Behavior\ParseTemplateBehavior [ RunTime:0.096122s ]
INFO: [ view_parse ] --END-- [ RunTime:0.096190s ]
INFO: [ view_filter ] --START--
INFO: Run Behavior\WriteHtmlCacheBehavior [ RunTime:0.000428s ]
INFO: [ view_filter ] --END-- [ RunTime:0.000463s ]

[ 2016-05-30T22:07:05+08:00 ] ::1 /whc_dbhw/index.php/Home/Index/login.html
INFO: [ app_init ] --START--
INFO: Run Behavior\BuildLiteBehavior [ RunTime:0.000015s ]
INFO: [ app_init ] --END-- [ RunTime:0.000432s ]
INFO: [ app_begin ] --START--
INFO: Run Behavior\ReadHtmlCacheBehavior [ RunTime:0.000792s ]
INFO: [ app_begin ] --END-- [ RunTime:0.000860s ]
INFO: [ view_parse ] --START--
INFO: [ template_filter ] --START--
INFO: Run Behavior\ContentReplaceBehavior [ RunTime:0.000058s ]
INFO: [ template_filter ] --END-- [ RunTime:0.000139s ]
INFO: Run Behavior\ParseTemplateBehavior [ RunTime:0.008973s ]
INFO: [ view_parse ] --END-- [ RunTime:0.009098s ]
INFO: [ view_filter ] --START--
INFO: Run Behavior\WriteHtmlCacheBehavior [ RunTime:0.000754s ]
INFO: [ view_filter ] --END-- [ RunTime:0.000822s ]
INFO: [ app_end ] --START--
INFO: Run Behavior\ShowPageTraceBehavior [ RunTime:0.001086s ]
INFO: [ app_end ] --END-- [ RunTime:0.001173s ]

[ 2016-05-30T22:07:12+08:00 ] ::1 /whc_dbhw/index.php/Home/Index/index.html
INFO: [ app_init ] --START--
INFO: Run Behavior\BuildLiteBehavior [ RunTime:0.000013s ]
INFO: [ app_init ] --END-- [ RunTime:0.000441s ]
INFO: [ app_begin ] --START--
INFO: Run Behavior\ReadHtmlCacheBehavior [ RunTime:0.000467s ]
INFO: [ app_begin ] --END-- [ RunTime:0.000513s ]
SQL: SHOW COLUMNS FROM `stuinfo` [ RunTime:0.0229s ]
SQL: SELECT * FROM `stuinfo` WHERE ( `sno` = 3014218099 )  [ RunTime:0.0003s ]
INFO: [ view_parse ] --START--
INFO: [ template_filter ] --START--
INFO: Run Behavior\ContentReplaceBehavior [ RunTime:0.000030s ]
INFO: [ template_filter ] --END-- [ RunTime:0.000077s ]
INFO: Run Behavior\ParseTemplateBehavior [ RunTime:0.005316s ]
INFO: [ view_parse ] --END-- [ RunTime:0.005377s ]
INFO: [ view_filter ] --START--
INFO: Run Behavior\WriteHtmlCacheBehavior [ RunTime:0.000368s ]
INFO: [ view_filter ] --END-- [ RunTime:0.000401s ]
INFO: [ app_end ] --START--
INFO: Run Behavior\ShowPageTraceBehavior [ RunTime:0.000441s ]
INFO: [ app_end ] --END-- [ RunTime:0.000477s ]

[ 2016-05-30T22:07:13+08:00 ] ::1 /whc_dbhw/index.php/Home/Class/classList.html
INFO: [ app_init ] --START--
INFO: Run Behavior\BuildLiteBehavior [ RunTime:0.000022s ]
INFO: [ app_init ] --END-- [ RunTime:0.000572s ]
INFO: [ app_begin ] --START--
INFO: Run Behavior\ReadHtmlCacheBehavior [ RunTime:0.000713s ]
INFO: [ app_begin ] --END-- [ RunTime:0.000812s ]
SQL: SHOW COLUMNS FROM `clas` [ RunTime:0.0048s ]
SQL: SELECT COUNT(*) AS tp_count FROM `clas` LIMIT 1   [ RunTime:0.0004s ]
SQL: SELECT * FROM `clas` ORDER BY time DESC LIMIT 0,9   [ RunTime:0.0006s ]
INFO: [ view_parse ] --START--
INFO: [ template_filter ] --START--
INFO: Run Behavior\ContentReplaceBehavior [ RunTime:0.000093s ]
INFO: [ template_filter ] --END-- [ RunTime:0.000176s ]
INFO: Run Behavior\ParseTemplateBehavior [ RunTime:0.025369s ]
INFO: [ view_parse ] --END-- [ RunTime:0.025450s ]
INFO: [ view_filter ] --START--
INFO: Run Behavior\WriteHtmlCacheBehavior [ RunTime:0.000527s ]
INFO: [ view_filter ] --END-- [ RunTime:0.000586s ]
INFO: [ app_end ] --START--
INFO: Run Behavior\ShowPageTraceBehavior [ RunTime:0.000414s ]
INFO: [ app_end ] --END-- [ RunTime:0.000451s ]

[ 2016-05-30T22:07:18+08:00 ] ::1 /whc_dbhw/index.php/Home/Class/detail/id/0000000000.html
INFO: [ app_init ] --START--
INFO: Run Behavior\BuildLiteBehavior [ RunTime:0.000027s ]
INFO: [ app_init ] --END-- [ RunTime:0.000675s ]
INFO: [ app_begin ] --START--
INFO: Run Behavior\ReadHtmlCacheBehavior [ RunTime:0.001248s ]
INFO: [ app_begin ] --END-- [ RunTime:0.001349s ]
SQL: SHOW COLUMNS FROM `clas` [ RunTime:0.0050s ]
SQL: SELECT * FROM `clas` WHERE ( classs_id = 0000000000 )  [ RunTime:0.0004s ]
SQL: SELECT * FROM `clas` WHERE ( `tea_name` = '孙小猴' and `classs_id` <> 0000000000 ) ORDER BY time DESC LIMIT 4   [ RunTime:0.0005s ]
ERR: 1146:Table 'whc_dbhw.select' doesn't exist
 [ SQL语句 ] : SHOW COLUMNS FROM `select`
ERR: 1146:Table 'whc_dbhw.select' doesn't exist
 [ SQL语句 ] : SHOW COLUMNS FROM `select`

