[ 2016-09-06T21:13:06+08:00 ] 127.0.0.1 /whc_dbhw/
INFO: [ app_init ] --START--
INFO: Run Behavior\BuildLiteBehavior [ RunTime:0.000015s ]
INFO: [ app_init ] --END-- [ RunTime:0.001125s ]
INFO: [ app_begin ] --START--
INFO: Run Behavior\ReadHtmlCacheBehavior [ RunTime:0.000549s ]
INFO: [ app_begin ] --END-- [ RunTime:0.000605s ]
INFO: [ view_parse ] --START--
INFO: [ template_filter ] --START--
INFO: Run Behavior\ContentReplaceBehavior [ RunTime:0.000963s ]
INFO: [ template_filter ] --END-- [ RunTime:0.001037s ]
INFO: Run Behavior\ParseTemplateBehavior [ RunTime:0.007710s ]
INFO: [ view_parse ] --END-- [ RunTime:0.007780s ]
INFO: [ view_filter ] --START--
INFO: Run Behavior\WriteHtmlCacheBehavior [ RunTime:0.000370s ]
INFO: [ view_filter ] --END-- [ RunTime:0.000415s ]
INFO: [ app_end ] --START--
INFO: Run Behavior\ShowPageTraceBehavior [ RunTime:0.000590s ]
INFO: [ app_end ] --END-- [ RunTime:0.000642s ]

[ 2016-09-06T21:13:11+08:00 ] 127.0.0.1 /whc_dbhw/index.php/Home/Index/index.html
INFO: [ app_init ] --START--
INFO: Run Behavior\BuildLiteBehavior [ RunTime:0.000010s ]
INFO: [ app_init ] --END-- [ RunTime:0.000306s ]
INFO: [ app_begin ] --START--
INFO: Run Behavior\ReadHtmlCacheBehavior [ RunTime:0.000452s ]
INFO: [ app_begin ] --END-- [ RunTime:0.000496s ]
ERR: SQLSTATE[HY000] [1045] Access denied for user 'root'@'localhost' (using password: YES)

[ 2016-09-06T21:15:49+08:00 ] 127.0.0.1 /whc_dbhw/
INFO: [ app_init ] --START--
INFO: Run Behavior\BuildLiteBehavior [ RunTime:0.000010s ]
INFO: [ app_init ] --END-- [ RunTime:0.000313s ]
INFO: [ app_begin ] --START--
INFO: Run Behavior\ReadHtmlCacheBehavior [ RunTime:0.000798s ]
INFO: [ app_begin ] --END-- [ RunTime:0.000862s ]
INFO: [ view_parse ] --START--
INFO: [ template_filter ] --START--
INFO: Run Behavior\ContentReplaceBehavior [ RunTime:0.000064s ]
INFO: [ template_filter ] --END-- [ RunTime:0.000109s ]
INFO: Run Behavior\ParseTemplateBehavior [ RunTime:0.004923s ]
INFO: [ view_parse ] --END-- [ RunTime:0.004976s ]
INFO: [ view_filter ] --START--
INFO: Run Behavior\WriteHtmlCacheBehavior [ RunTime:0.000310s ]
INFO: [ view_filter ] --END-- [ RunTime:0.000345s ]
INFO: [ app_end ] --START--
INFO: Run Behavior\ShowPageTraceBehavior [ RunTime:0.000542s ]
INFO: [ app_end ] --END-- [ RunTime:0.000588s ]

[ 2016-09-06T21:15:50+08:00 ] 127.0.0.1 /whc_dbhw/
INFO: [ app_init ] --START--
INFO: Run Behavior\BuildLiteBehavior [ RunTime:0.000010s ]
INFO: [ app_init ] --END-- [ RunTime:0.000305s ]
INFO: [ app_begin ] --START--
INFO: Run Behavior\ReadHtmlCacheBehavior [ RunTime:0.000464s ]
INFO: [ app_begin ] --END-- [ RunTime:0.000504s ]
INFO: [ view_parse ] --START--
INFO: [ template_filter ] --START--
INFO: Run Behavior\ContentReplaceBehavior [ RunTime:0.000061s ]
INFO: [ template_filter ] --END-- [ RunTime:0.000136s ]
INFO: Run Behavior\ParseTemplateBehavior [ RunTime:0.005284s ]
INFO: [ view_parse ] --END-- [ RunTime:0.005351s ]
INFO: [ view_filter ] --START--
INFO: Run Behavior\WriteHtmlCacheBehavior [ RunTime:0.000491s ]
INFO: [ view_filter ] --END-- [ RunTime:0.000544s ]
INFO: [ app_end ] --START--
INFO: Run Behavior\ShowPageTraceBehavior [ RunTime:0.000706s ]
INFO: [ app_end ] --END-- [ RunTime:0.000764s ]

[ 2016-09-06T21:15:51+08:00 ] 127.0.0.1 /whc_dbhw/index.php/Home/Index/index.html
INFO: [ app_init ] --START--
INFO: Run Behavior\BuildLiteBehavior [ RunTime:0.000014s ]
INFO: [ app_init ] --END-- [ RunTime:0.000336s ]
INFO: [ app_begin ] --START--
INFO: Run Behavior\ReadHtmlCacheBehavior [ RunTime:0.000404s ]
INFO: [ app_begin ] --END-- [ RunTime:0.000453s ]
ERR: 1146:Table 'baoming.stuinfo' doesn't exist
 [ SQL语句 ] : SHOW COLUMNS FROM `stuinfo`
ERR: 1146:Table 'baoming.stuinfo' doesn't exist
 [ SQL语句 ] : SHOW COLUMNS FROM `stuinfo`

[ 2016-09-06T21:16:41+08:00 ] 127.0.0.1 /whc_dbhw/index.php/Home/Index/index.html
INFO: [ app_init ] --START--
INFO: Run Behavior\BuildLiteBehavior [ RunTime:0.000012s ]
INFO: [ app_init ] --END-- [ RunTime:0.000307s ]
INFO: [ app_begin ] --START--
INFO: Run Behavior\ReadHtmlCacheBehavior [ RunTime:0.000385s ]
INFO: [ app_begin ] --END-- [ RunTime:0.000431s ]
SQL: SHOW COLUMNS FROM `stuinfo` [ RunTime:0.0031s ]
ERR: 1054:Unknown column 'sno' in 'where clause'
 [ SQL语句 ] : SELECT * FROM `stuinfo` WHERE ( `sno` = q703007993 ) 
ERR: 1054:Unknown column 'sno' in 'where clause'
 [ SQL语句 ] : SELECT * FROM `stuinfo` WHERE ( `sno` = q703007993 ) 

[ 2016-09-06T21:17:04+08:00 ] 127.0.0.1 /whc_dbhw/index.php/Home/Index/index.html
INFO: [ app_init ] --START--
INFO: Run Behavior\BuildLiteBehavior [ RunTime:0.000009s ]
INFO: [ app_init ] --END-- [ RunTime:0.000264s ]
INFO: [ app_begin ] --START--
INFO: Run Behavior\ReadHtmlCacheBehavior [ RunTime:0.000409s ]
INFO: [ app_begin ] --END-- [ RunTime:0.000452s ]
SQL: SHOW COLUMNS FROM `stuinfo` [ RunTime:0.0029s ]
ERR: 1054:Unknown column 'q703007993' in 'where clause'
 [ SQL语句 ] : SELECT * FROM `stuinfo` WHERE ( `sno` = q703007993 ) 
ERR: 1054:Unknown column 'q703007993' in 'where clause'
 [ SQL语句 ] : SELECT * FROM `stuinfo` WHERE ( `sno` = q703007993 ) 

[ 2016-09-06T21:17:44+08:00 ] 127.0.0.1 /whc_dbhw/Home
INFO: [ app_init ] --START--
INFO: Run Behavior\BuildLiteBehavior [ RunTime:0.000020s ]
INFO: [ app_init ] --END-- [ RunTime:0.000463s ]
INFO: [ app_begin ] --START--
INFO: Run Behavior\ReadHtmlCacheBehavior [ RunTime:0.000788s ]
INFO: [ app_begin ] --END-- [ RunTime:0.000872s ]
INFO: [ view_parse ] --START--
INFO: [ template_filter ] --START--
INFO: Run Behavior\ContentReplaceBehavior [ RunTime:0.000041s ]
INFO: [ template_filter ] --END-- [ RunTime:0.000089s ]
INFO: Run Behavior\ParseTemplateBehavior [ RunTime:0.004771s ]
INFO: [ view_parse ] --END-- [ RunTime:0.004822s ]
INFO: [ view_filter ] --START--
INFO: Run Behavior\WriteHtmlCacheBehavior [ RunTime:0.000204s ]
INFO: [ view_filter ] --END-- [ RunTime:0.000239s ]
INFO: [ app_end ] --START--
INFO: Run Behavior\ShowPageTraceBehavior [ RunTime:0.000403s ]
INFO: [ app_end ] --END-- [ RunTime:0.000442s ]

[ 2016-09-06T21:17:51+08:00 ] 127.0.0.1 /whc_dbhw/Home/Index/index
INFO: [ app_init ] --START--
INFO: Run Behavior\BuildLiteBehavior [ RunTime:0.000010s ]
INFO: [ app_init ] --END-- [ RunTime:0.000307s ]
INFO: [ app_begin ] --START--
INFO: Run Behavior\ReadHtmlCacheBehavior [ RunTime:0.000718s ]
INFO: [ app_begin ] --END-- [ RunTime:0.000852s ]
INFO: [ view_parse ] --START--
INFO: [ template_filter ] --START--
INFO: Run Behavior\ContentReplaceBehavior [ RunTime:0.000041s ]
INFO: [ template_filter ] --END-- [ RunTime:0.000093s ]
INFO: Run Behavior\ParseTemplateBehavior [ RunTime:0.004900s ]
INFO: [ view_parse ] --END-- [ RunTime:0.004949s ]
INFO: [ view_filter ] --START--
INFO: Run Behavior\WriteHtmlCacheBehavior [ RunTime:0.000265s ]
INFO: [ view_filter ] --END-- [ RunTime:0.000296s ]
INFO: [ app_end ] --START--
INFO: Run Behavior\ShowPageTraceBehavior [ RunTime:0.000430s ]
INFO: [ app_end ] --END-- [ RunTime:0.000464s ]

[ 2016-09-06T21:18:35+08:00 ] 127.0.0.1 /whc_dbhw/Home/Index/index
INFO: [ app_init ] --START--
INFO: Run Behavior\BuildLiteBehavior [ RunTime:0.000012s ]
INFO: [ app_init ] --END-- [ RunTime:0.000347s ]
INFO: [ app_begin ] --START--
INFO: Run Behavior\ReadHtmlCacheBehavior [ RunTime:0.000414s ]
INFO: [ app_begin ] --END-- [ RunTime:0.000457s ]
INFO: [ view_parse ] --START--
INFO: [ template_filter ] --START--
INFO: Run Behavior\ContentReplaceBehavior [ RunTime:0.000036s ]
INFO: [ template_filter ] --END-- [ RunTime:0.000077s ]
INFO: Run Behavior\ParseTemplateBehavior [ RunTime:0.004204s ]
INFO: [ view_parse ] --END-- [ RunTime:0.004245s ]
INFO: [ view_filter ] --START--
INFO: Run Behavior\WriteHtmlCacheBehavior [ RunTime:0.000174s ]
INFO: [ view_filter ] --END-- [ RunTime:0.000219s ]
INFO: [ app_end ] --START--
INFO: Run Behavior\ShowPageTraceBehavior [ RunTime:0.000421s ]
INFO: [ app_end ] --END-- [ RunTime:0.000471s ]

[ 2016-09-06T21:18:49+08:00 ] 127.0.0.1 /whc_dbhw/index.php/Home/Index/index.html
INFO: [ app_init ] --START--
INFO: Run Behavior\BuildLiteBehavior [ RunTime:0.000012s ]
INFO: [ app_init ] --END-- [ RunTime:0.000356s ]
INFO: [ app_begin ] --START--
INFO: Run Behavior\ReadHtmlCacheBehavior [ RunTime:0.000505s ]
INFO: [ app_begin ] --END-- [ RunTime:0.000554s ]
SQL: SHOW COLUMNS FROM `stuinfo` [ RunTime:0.0037s ]
ERR: 1054:Unknown column 'q703007993' in 'where clause'
 [ SQL语句 ] : SELECT * FROM `stuinfo` WHERE ( `sno` = `q703007993` ) 
ERR: 1054:Unknown column 'q703007993' in 'where clause'
 [ SQL语句 ] : SELECT * FROM `stuinfo` WHERE ( `sno` = `q703007993` ) 

[ 2016-09-06T21:19:02+08:00 ] 127.0.0.1 /whc_dbhw/index.php/Home/Index/index.html
INFO: [ app_init ] --START--
INFO: Run Behavior\BuildLiteBehavior [ RunTime:0.000013s ]
INFO: [ app_init ] --END-- [ RunTime:0.000311s ]
INFO: [ app_begin ] --START--
INFO: Run Behavior\ReadHtmlCacheBehavior [ RunTime:0.000347s ]
INFO: [ app_begin ] --END-- [ RunTime:0.000387s ]
SQL: SHOW COLUMNS FROM `stuinfo` [ RunTime:0.0036s ]
ERR: 1054:Unknown column '3014218099' in 'where clause'
 [ SQL语句 ] : SELECT * FROM `stuinfo` WHERE ( `sno` = `3014218099` ) 
ERR: 1054:Unknown column '3014218099' in 'where clause'
 [ SQL语句 ] : SELECT * FROM `stuinfo` WHERE ( `sno` = `3014218099` ) 

[ 2016-09-06T21:20:32+08:00 ] 127.0.0.1 /whc_dbhw/index.php/Home/Index/index.html
INFO: [ app_init ] --START--
INFO: Run Behavior\BuildLiteBehavior [ RunTime:0.000011s ]
INFO: [ app_init ] --END-- [ RunTime:0.000269s ]
INFO: [ app_begin ] --START--
INFO: Run Behavior\ReadHtmlCacheBehavior [ RunTime:0.000371s ]
INFO: [ app_begin ] --END-- [ RunTime:0.000411s ]
SQL: SHOW COLUMNS FROM `stuinfo` [ RunTime:0.0030s ]
SQL: SELECT * FROM `stuinfo` WHERE ( `sno` = 3014218099 )  [ RunTime:0.0003s ]
INFO: [ view_parse ] --START--
INFO: [ template_filter ] --START--
INFO: Run Behavior\ContentReplaceBehavior [ RunTime:0.000067s ]
INFO: [ template_filter ] --END-- [ RunTime:0.000145s ]
INFO: Run Behavior\ParseTemplateBehavior [ RunTime:0.007161s ]
INFO: [ view_parse ] --END-- [ RunTime:0.007266s ]
INFO: [ view_filter ] --START--
INFO: Run Behavior\WriteHtmlCacheBehavior [ RunTime:0.000583s ]
INFO: [ view_filter ] --END-- [ RunTime:0.000651s ]

[ 2016-09-06T21:20:34+08:00 ] 127.0.0.1 /whc_dbhw/index.php/Home/Index/login.html
INFO: [ app_init ] --START--
INFO: Run Behavior\BuildLiteBehavior [ RunTime:0.000014s ]
INFO: [ app_init ] --END-- [ RunTime:0.000380s ]
INFO: [ app_begin ] --START--
INFO: Run Behavior\ReadHtmlCacheBehavior [ RunTime:0.000395s ]
INFO: [ app_begin ] --END-- [ RunTime:0.000442s ]
INFO: [ view_parse ] --START--
INFO: [ template_filter ] --START--
INFO: Run Behavior\ContentReplaceBehavior [ RunTime:0.000035s ]
INFO: [ template_filter ] --END-- [ RunTime:0.000075s ]
INFO: Run Behavior\ParseTemplateBehavior [ RunTime:0.004105s ]
INFO: [ view_parse ] --END-- [ RunTime:0.004146s ]
INFO: [ view_filter ] --START--
INFO: Run Behavior\WriteHtmlCacheBehavior [ RunTime:0.000203s ]
INFO: [ view_filter ] --END-- [ RunTime:0.000232s ]
INFO: [ app_end ] --START--
INFO: Run Behavior\ShowPageTraceBehavior [ RunTime:0.000434s ]
INFO: [ app_end ] --END-- [ RunTime:0.000468s ]

[ 2016-09-06T21:29:35+08:00 ] 127.0.0.1 /whc_dbhw/index.php/Home/Index/login.html
INFO: [ app_init ] --START--
INFO: Run Behavior\BuildLiteBehavior [ RunTime:0.000011s ]
INFO: [ app_init ] --END-- [ RunTime:0.000352s ]
INFO: [ app_begin ] --START--
INFO: Run Behavior\ReadHtmlCacheBehavior [ RunTime:0.000475s ]
INFO: [ app_begin ] --END-- [ RunTime:0.000517s ]
INFO: [ view_parse ] --START--
INFO: [ template_filter ] --START--
INFO: Run Behavior\ContentReplaceBehavior [ RunTime:0.000055s ]
INFO: [ template_filter ] --END-- [ RunTime:0.000111s ]
INFO: Run Behavior\ParseTemplateBehavior [ RunTime:0.006216s ]
INFO: [ view_parse ] --END-- [ RunTime:0.006269s ]
INFO: [ view_filter ] --START--
INFO: Run Behavior\WriteHtmlCacheBehavior [ RunTime:0.000298s ]
INFO: [ view_filter ] --END-- [ RunTime:0.000330s ]
INFO: [ app_end ] --START--
INFO: Run Behavior\ShowPageTraceBehavior [ RunTime:0.000429s ]
INFO: [ app_end ] --END-- [ RunTime:0.000463s ]

[ 2016-09-06T21:33:05+08:00 ] 127.0.0.1 /whc_dbhw/index.php/Home/CLass
INFO: [ app_init ] --START--
INFO: Run Behavior\BuildLiteBehavior [ RunTime:0.000016s ]
INFO: [ app_init ] --END-- [ RunTime:0.000389s ]
INFO: [ app_begin ] --START--
INFO: Run Behavior\ReadHtmlCacheBehavior [ RunTime:0.000518s ]
INFO: [ app_begin ] --END-- [ RunTime:0.000577s ]
ERR: 无法加载控制器:CLass

[ 2016-09-06T21:33:17+08:00 ] 127.0.0.1 /whc_dbhw/index.php/Home/Class
INFO: [ app_init ] --START--
INFO: Run Behavior\BuildLiteBehavior [ RunTime:0.000011s ]
INFO: [ app_init ] --END-- [ RunTime:0.000308s ]
INFO: [ app_begin ] --START--
INFO: Run Behavior\ReadHtmlCacheBehavior [ RunTime:0.000385s ]
INFO: [ app_begin ] --END-- [ RunTime:0.000426s ]
INFO: [ view_parse ] --START--
INFO: [ template_filter ] --START--
INFO: Run Behavior\ContentReplaceBehavior [ RunTime:0.000074s ]
INFO: [ template_filter ] --END-- [ RunTime:0.000146s ]
NOTIC: [8] Undefined variable: list D:\data\whc_web\whc_dbhw\Application\Runtime\Cache\Home\c0a410665a331a4f960fe5212fa23bc0.php 第 77 行.
NOTIC: [8] Undefined variable: page D:\data\whc_web\whc_dbhw\Application\Runtime\Cache\Home\c0a410665a331a4f960fe5212fa23bc0.php 第 132 行.
INFO: Run Behavior\ParseTemplateBehavior [ RunTime:0.009261s ]
INFO: [ view_parse ] --END-- [ RunTime:0.009303s ]
INFO: [ view_filter ] --START--
INFO: Run Behavior\WriteHtmlCacheBehavior [ RunTime:0.000190s ]
INFO: [ view_filter ] --END-- [ RunTime:0.000232s ]
INFO: [ app_end ] --START--
INFO: Run Behavior\ShowPageTraceBehavior [ RunTime:0.000380s ]
INFO: [ app_end ] --END-- [ RunTime:0.000426s ]

[ 2016-09-06T21:35:08+08:00 ] 127.0.0.1 /whc_dbhw/index.php/Home/Class
INFO: [ app_init ] --START--
INFO: Run Behavior\BuildLiteBehavior [ RunTime:0.000011s ]
INFO: [ app_init ] --END-- [ RunTime:0.000341s ]
INFO: [ app_begin ] --START--
INFO: Run Behavior\ReadHtmlCacheBehavior [ RunTime:0.000605s ]
INFO: [ app_begin ] --END-- [ RunTime:0.000664s ]
INFO: [ view_parse ] --START--
INFO: [ template_filter ] --START--
INFO: Run Behavior\ContentReplaceBehavior [ RunTime:0.000075s ]
INFO: [ template_filter ] --END-- [ RunTime:0.000132s ]
NOTIC: [8] Undefined variable: list D:\data\whc_web\whc_dbhw\Application\Runtime\Cache\Home\c0a410665a331a4f960fe5212fa23bc0.php 第 77 行.
NOTIC: [8] Undefined variable: page D:\data\whc_web\whc_dbhw\Application\Runtime\Cache\Home\c0a410665a331a4f960fe5212fa23bc0.php 第 132 行.
INFO: Run Behavior\ParseTemplateBehavior [ RunTime:0.010055s ]
INFO: [ view_parse ] --END-- [ RunTime:0.010099s ]
INFO: [ view_filter ] --START--
INFO: Run Behavior\WriteHtmlCacheBehavior [ RunTime:0.000467s ]
INFO: [ view_filter ] --END-- [ RunTime:0.000502s ]
INFO: [ app_end ] --START--
INFO: Run Behavior\ShowPageTraceBehavior [ RunTime:0.000780s ]
INFO: [ app_end ] --END-- [ RunTime:0.000816s ]

[ 2016-09-06T21:35:39+08:00 ] 127.0.0.1 /whc_dbhw/index.php/Home/Class/classList
INFO: [ app_init ] --START--
INFO: Run Behavior\BuildLiteBehavior [ RunTime:0.000016s ]
INFO: [ app_init ] --END-- [ RunTime:0.000403s ]
INFO: [ app_begin ] --START--
INFO: Run Behavior\ReadHtmlCacheBehavior [ RunTime:0.000742s ]
INFO: [ app_begin ] --END-- [ RunTime:0.000827s ]
SQL: SHOW COLUMNS FROM `clas` [ RunTime:0.0036s ]
SQL: SELECT COUNT(*) AS tp_count FROM `clas` LIMIT 1   [ RunTime:0.0003s ]
SQL: SELECT * FROM `clas` ORDER BY time DESC LIMIT 0,9   [ RunTime:0.0003s ]
INFO: [ view_parse ] --START--
INFO: [ template_filter ] --START--
INFO: Run Behavior\ContentReplaceBehavior [ RunTime:0.000065s ]
INFO: [ template_filter ] --END-- [ RunTime:0.000118s ]
INFO: Run Behavior\ParseTemplateBehavior [ RunTime:0.010041s ]
INFO: [ view_parse ] --END-- [ RunTime:0.010104s ]
INFO: [ view_filter ] --START--
INFO: Run Behavior\WriteHtmlCacheBehavior [ RunTime:0.000491s ]
INFO: [ view_filter ] --END-- [ RunTime:0.000541s ]
INFO: [ app_end ] --START--
INFO: Run Behavior\ShowPageTraceBehavior [ RunTime:0.000625s ]
INFO: [ app_end ] --END-- [ RunTime:0.000662s ]

[ 2016-09-06T21:35:44+08:00 ] 127.0.0.1 /whc_dbhw/index.php/Home/Class/myCourse.html
INFO: [ app_init ] --START--
INFO: Run Behavior\BuildLiteBehavior [ RunTime:0.000010s ]
INFO: [ app_init ] --END-- [ RunTime:0.000356s ]
INFO: [ app_begin ] --START--
INFO: Run Behavior\ReadHtmlCacheBehavior [ RunTime:0.000590s ]
INFO: [ app_begin ] --END-- [ RunTime:0.000632s ]
INFO: [ view_parse ] --START--
INFO: [ template_filter ] --START--
INFO: Run Behavior\ContentReplaceBehavior [ RunTime:0.000051s ]
INFO: [ template_filter ] --END-- [ RunTime:0.000110s ]
INFO: Run Behavior\ParseTemplateBehavior [ RunTime:0.006084s ]
INFO: [ view_parse ] --END-- [ RunTime:0.006130s ]
INFO: [ view_filter ] --START--
INFO: Run Behavior\WriteHtmlCacheBehavior [ RunTime:0.000436s ]
INFO: [ view_filter ] --END-- [ RunTime:0.000468s ]

[ 2016-09-06T21:35:53+08:00 ] 127.0.0.1 /whc_dbhw/index.php/Home/Class/detail/id/1324657891.html
INFO: [ app_init ] --START--
INFO: Run Behavior\BuildLiteBehavior [ RunTime:0.000010s ]
INFO: [ app_init ] --END-- [ RunTime:0.000340s ]
INFO: [ app_begin ] --START--
INFO: Run Behavior\ReadHtmlCacheBehavior [ RunTime:0.000593s ]
INFO: [ app_begin ] --END-- [ RunTime:0.000635s ]
SQL: SHOW COLUMNS FROM `clas` [ RunTime:0.0029s ]
SQL: SELECT * FROM `clas` WHERE ( classs_id = 1324657891 )  [ RunTime:0.0003s ]
SQL: SELECT * FROM `clas` WHERE ( `tea_name` = '孙媛' and `classs_id` <> 1324657891 ) ORDER BY time DESC LIMIT 4   [ RunTime:0.0004s ]
SQL: SHOW COLUMNS FROM `select` [ RunTime:0.0027s ]
ERR: 1064:You have an error in your SQL syntax; check the manual that corresponds to your MariaDB server version for the right syntax to use near ')' at line 1
 [ SQL语句 ] : SELECT * FROM `select` WHERE ( classs_id = 1324657891 and stud_sno =  ) 
ERR: 1064:You have an error in your SQL syntax; check the manual that corresponds to your MariaDB server version for the right syntax to use near ')' at line 1
 [ SQL语句 ] : SELECT * FROM `select` WHERE ( classs_id = 1324657891 and stud_sno =  ) 

[ 2016-09-06T21:36:47+08:00 ] 127.0.0.1 /whc_dbhw/index.php/Home/
INFO: [ app_init ] --START--
INFO: Run Behavior\BuildLiteBehavior [ RunTime:0.000013s ]
INFO: [ app_init ] --END-- [ RunTime:0.000439s ]
INFO: [ app_begin ] --START--
INFO: Run Behavior\ReadHtmlCacheBehavior [ RunTime:0.000684s ]
INFO: [ app_begin ] --END-- [ RunTime:0.000730s ]
INFO: [ view_parse ] --START--
INFO: [ template_filter ] --START--
INFO: Run Behavior\ContentReplaceBehavior [ RunTime:0.000045s ]
INFO: [ template_filter ] --END-- [ RunTime:0.000104s ]
INFO: Run Behavior\ParseTemplateBehavior [ RunTime:0.006613s ]
INFO: [ view_parse ] --END-- [ RunTime:0.006661s ]
INFO: [ view_filter ] --START--
INFO: Run Behavior\WriteHtmlCacheBehavior [ RunTime:0.000455s ]
INFO: [ view_filter ] --END-- [ RunTime:0.000487s ]
INFO: [ app_end ] --START--
INFO: Run Behavior\ShowPageTraceBehavior [ RunTime:0.000728s ]
INFO: [ app_end ] --END-- [ RunTime:0.000763s ]

[ 2016-09-06T21:36:54+08:00 ] 127.0.0.1 /whc_dbhw/index.php/Home/Index/index.html
INFO: [ app_init ] --START--
INFO: Run Behavior\BuildLiteBehavior [ RunTime:0.000013s ]
INFO: [ app_init ] --END-- [ RunTime:0.000633s ]
INFO: [ app_begin ] --START--
INFO: Run Behavior\ReadHtmlCacheBehavior [ RunTime:0.000621s ]
INFO: [ app_begin ] --END-- [ RunTime:0.000667s ]
SQL: SHOW COLUMNS FROM `stuinfo` [ RunTime:0.0031s ]
SQL: SELECT * FROM `stuinfo` WHERE ( `sno` = 3014218099 )  [ RunTime:0.0003s ]
INFO: [ view_parse ] --START--
INFO: [ template_filter ] --START--
INFO: Run Behavior\ContentReplaceBehavior [ RunTime:0.000033s ]
INFO: [ template_filter ] --END-- [ RunTime:0.000072s ]
INFO: Run Behavior\ParseTemplateBehavior [ RunTime:0.005292s ]
INFO: [ view_parse ] --END-- [ RunTime:0.005348s ]
INFO: [ view_filter ] --START--
INFO: Run Behavior\WriteHtmlCacheBehavior [ RunTime:0.000425s ]
INFO: [ view_filter ] --END-- [ RunTime:0.000456s ]
INFO: [ app_end ] --START--
INFO: Run Behavior\ShowPageTraceBehavior [ RunTime:0.000524s ]
INFO: [ app_end ] --END-- [ RunTime:0.000557s ]

[ 2016-09-06T21:36:55+08:00 ] 127.0.0.1 /whc_dbhw/index.php/Home/Class/classList.html
INFO: [ app_init ] --START--
INFO: Run Behavior\BuildLiteBehavior [ RunTime:0.000011s ]
INFO: [ app_init ] --END-- [ RunTime:0.000355s ]
INFO: [ app_begin ] --START--
INFO: Run Behavior\ReadHtmlCacheBehavior [ RunTime:0.000522s ]
INFO: [ app_begin ] --END-- [ RunTime:0.000565s ]
SQL: SHOW COLUMNS FROM `clas` [ RunTime:0.0039s ]
SQL: SELECT COUNT(*) AS tp_count FROM `clas` LIMIT 1   [ RunTime:0.0003s ]
SQL: SELECT * FROM `clas` ORDER BY time DESC LIMIT 0,9   [ RunTime:0.0003s ]
INFO: [ view_parse ] --START--
INFO: [ template_filter ] --START--
INFO: Run Behavior\ContentReplaceBehavior [ RunTime:0.000056s ]
INFO: [ template_filter ] --END-- [ RunTime:0.000100s ]
INFO: Run Behavior\ParseTemplateBehavior [ RunTime:0.009071s ]
INFO: [ view_parse ] --END-- [ RunTime:0.009118s ]
INFO: [ view_filter ] --START--
INFO: Run Behavior\WriteHtmlCacheBehavior [ RunTime:0.000366s ]
INFO: [ view_filter ] --END-- [ RunTime:0.000398s ]
INFO: [ app_end ] --START--
INFO: Run Behavior\ShowPageTraceBehavior [ RunTime:0.000569s ]
INFO: [ app_end ] --END-- [ RunTime:0.000603s ]

[ 2016-09-06T21:36:57+08:00 ] 127.0.0.1 /whc_dbhw/index.php/Home/Class/detail/id/1324657891.html
INFO: [ app_init ] --START--
INFO: Run Behavior\BuildLiteBehavior [ RunTime:0.000012s ]
INFO: [ app_init ] --END-- [ RunTime:0.000322s ]
INFO: [ app_begin ] --START--
INFO: Run Behavior\ReadHtmlCacheBehavior [ RunTime:0.000562s ]
INFO: [ app_begin ] --END-- [ RunTime:0.000604s ]
SQL: SHOW COLUMNS FROM `clas` [ RunTime:0.0035s ]
SQL: SELECT * FROM `clas` WHERE ( classs_id = 1324657891 )  [ RunTime:0.0004s ]
SQL: SELECT * FROM `clas` WHERE ( `tea_name` = '孙媛' and `classs_id` <> 1324657891 ) ORDER BY time DESC LIMIT 4   [ RunTime:0.0003s ]
SQL: SHOW COLUMNS FROM `select` [ RunTime:0.0033s ]
SQL: SELECT * FROM `select` WHERE ( classs_id = 1324657891 and stud_sno = 3014218099 )  [ RunTime:0.0003s ]
INFO: [ view_parse ] --START--
INFO: [ template_filter ] --START--
INFO: Run Behavior\ContentReplaceBehavior [ RunTime:0.000053s ]
INFO: [ template_filter ] --END-- [ RunTime:0.000097s ]
INFO: Run Behavior\ParseTemplateBehavior [ RunTime:0.007519s ]
INFO: [ view_parse ] --END-- [ RunTime:0.007567s ]
INFO: [ view_filter ] --START--
INFO: Run Behavior\WriteHtmlCacheBehavior [ RunTime:0.000370s ]
INFO: [ view_filter ] --END-- [ RunTime:0.000403s ]
INFO: [ app_end ] --START--
INFO: Run Behavior\ShowPageTraceBehavior [ RunTime:0.000567s ]
INFO: [ app_end ] --END-- [ RunTime:0.000600s ]

[ 2016-09-06T21:37:03+08:00 ] 127.0.0.1 /whc_dbhw/index.php/Home/Class/selClas.html
INFO: [ app_init ] --START--
INFO: Run Behavior\BuildLiteBehavior [ RunTime:0.000012s ]
INFO: [ app_init ] --END-- [ RunTime:0.000328s ]
INFO: [ app_begin ] --START--
INFO: Run Behavior\ReadHtmlCacheBehavior [ RunTime:0.000560s ]
INFO: [ app_begin ] --END-- [ RunTime:0.000606s ]
SQL: SHOW COLUMNS FROM `clas` [ RunTime:0.0036s ]
SQL: SHOW COLUMNS FROM `stud` [ RunTime:0.0028s ]
SQL: SELECT * FROM `clas` WHERE ( classs_id = 1324657891 )  [ RunTime:0.0003s ]
SQL: SELECT * FROM `stud` WHERE ( sno = 3014218099 )  [ RunTime:0.0002s ]
INFO: [ view_parse ] --START--
INFO: [ template_filter ] --START--
INFO: Run Behavior\ContentReplaceBehavior [ RunTime:0.000034s ]
INFO: [ template_filter ] --END-- [ RunTime:0.000080s ]
INFO: Run Behavior\ParseTemplateBehavior [ RunTime:0.005354s ]
INFO: [ view_parse ] --END-- [ RunTime:0.005409s ]
INFO: [ view_filter ] --START--
INFO: Run Behavior\WriteHtmlCacheBehavior [ RunTime:0.000432s ]
INFO: [ view_filter ] --END-- [ RunTime:0.000472s ]

[ 2016-09-06T21:37:39+08:00 ] 127.0.0.1 /whc_dbhw/index.php/Home/Class/selClas.html
INFO: [ app_init ] --START--
INFO: Run Behavior\BuildLiteBehavior [ RunTime:0.000017s ]
INFO: [ app_init ] --END-- [ RunTime:0.000474s ]
INFO: [ app_begin ] --START--
INFO: Run Behavior\ReadHtmlCacheBehavior [ RunTime:0.000798s ]
INFO: [ app_begin ] --END-- [ RunTime:0.000867s ]
SQL: SHOW COLUMNS FROM `clas` [ RunTime:0.0035s ]
SQL: SHOW COLUMNS FROM `stud` [ RunTime:0.0033s ]
SQL: SELECT * FROM `clas` WHERE ( classs_id = 1324657891 )  [ RunTime:0.0005s ]
SQL: SELECT * FROM `stud` WHERE ( sno = 3014218099 )  [ RunTime:0.0003s ]
INFO: [ view_parse ] --START--
INFO: [ template_filter ] --START--
INFO: Run Behavior\ContentReplaceBehavior [ RunTime:0.000056s ]
INFO: [ template_filter ] --END-- [ RunTime:0.000137s ]
INFO: Run Behavior\ParseTemplateBehavior [ RunTime:0.008059s ]
INFO: [ view_parse ] --END-- [ RunTime:0.008186s ]
INFO: [ view_filter ] --START--
INFO: Run Behavior\WriteHtmlCacheBehavior [ RunTime:0.000962s ]
INFO: [ view_filter ] --END-- [ RunTime:0.001034s ]

[ 2016-09-06T21:38:24+08:00 ] 127.0.0.1 /whc_dbhw/index.php/Home/Class/detail/id/1324657891.html
INFO: [ app_init ] --START--
INFO: Run Behavior\BuildLiteBehavior [ RunTime:0.000018s ]
INFO: [ app_init ] --END-- [ RunTime:0.001041s ]
INFO: [ app_begin ] --START--
INFO: Run Behavior\ReadHtmlCacheBehavior [ RunTime:0.000624s ]
INFO: [ app_begin ] --END-- [ RunTime:0.000677s ]
SQL: SHOW COLUMNS FROM `clas` [ RunTime:0.0035s ]
SQL: SELECT * FROM `clas` WHERE ( classs_id = 1324657891 )  [ RunTime:0.0003s ]
SQL: SELECT * FROM `clas` WHERE ( `tea_name` = '孙媛' and `classs_id` <> 1324657891 ) ORDER BY time DESC LIMIT 4   [ RunTime:0.0003s ]
SQL: SHOW COLUMNS FROM `select` [ RunTime:0.0030s ]
SQL: SELECT * FROM `select` WHERE ( classs_id = 1324657891 and stud_sno = 3014218099 )  [ RunTime:0.0003s ]
INFO: [ view_parse ] --START--
INFO: [ template_filter ] --START--
INFO: Run Behavior\ContentReplaceBehavior [ RunTime:0.000066s ]
INFO: [ template_filter ] --END-- [ RunTime:0.000124s ]
INFO: Run Behavior\ParseTemplateBehavior [ RunTime:0.010125s ]
INFO: [ view_parse ] --END-- [ RunTime:0.010183s ]
INFO: [ view_filter ] --START--
INFO: Run Behavior\WriteHtmlCacheBehavior [ RunTime:0.000505s ]
INFO: [ view_filter ] --END-- [ RunTime:0.000542s ]
INFO: [ app_end ] --START--
INFO: Run Behavior\ShowPageTraceBehavior [ RunTime:0.000646s ]
INFO: [ app_end ] --END-- [ RunTime:0.000689s ]

[ 2016-09-06T21:38:26+08:00 ] 127.0.0.1 /whc_dbhw/index.php/Home/Class/selClas.html
INFO: [ app_init ] --START--
INFO: Run Behavior\BuildLiteBehavior [ RunTime:0.000021s ]
INFO: [ app_init ] --END-- [ RunTime:0.000550s ]
INFO: [ app_begin ] --START--
INFO: Run Behavior\ReadHtmlCacheBehavior [ RunTime:0.000535s ]
INFO: [ app_begin ] --END-- [ RunTime:0.000593s ]
SQL: SHOW COLUMNS FROM `clas` [ RunTime:0.0034s ]
SQL: SHOW COLUMNS FROM `stud` [ RunTime:0.0046s ]
SQL: SELECT * FROM `clas` WHERE ( classs_id = 1324657891 )  [ RunTime:0.0004s ]

[ 2016-09-06T21:38:57+08:00 ] 127.0.0.1 /whc_dbhw/index.php/Home/Class/selClas.html
INFO: [ app_init ] --START--
INFO: Run Behavior\BuildLiteBehavior [ RunTime:0.000017s ]
INFO: [ app_init ] --END-- [ RunTime:0.000453s ]
INFO: [ app_begin ] --START--
INFO: Run Behavior\ReadHtmlCacheBehavior [ RunTime:0.000596s ]
INFO: [ app_begin ] --END-- [ RunTime:0.000665s ]
SQL: SHOW COLUMNS FROM `clas` [ RunTime:0.0032s ]
SQL: SHOW COLUMNS FROM `stud` [ RunTime:0.0028s ]
SQL: SELECT * FROM `clas` WHERE ( classs_id = 1324657891 )  [ RunTime:0.0003s ]
ERR: 1054:Unknown column '3014218099' in 'where clause'
 [ SQL语句 ] : SELECT * FROM `stud` WHERE ( `sno` = `3014218099` ) 
ERR: 1054:Unknown column '3014218099' in 'where clause'
 [ SQL语句 ] : SELECT * FROM `stud` WHERE ( `sno` = `3014218099` ) 

[ 2016-09-06T21:39:15+08:00 ] 127.0.0.1 /whc_dbhw/index.php/Home/Class/selClas.html
INFO: [ app_init ] --START--
INFO: Run Behavior\BuildLiteBehavior [ RunTime:0.000011s ]
INFO: [ app_init ] --END-- [ RunTime:0.000277s ]
INFO: [ app_begin ] --START--
INFO: Run Behavior\ReadHtmlCacheBehavior [ RunTime:0.000374s ]
INFO: [ app_begin ] --END-- [ RunTime:0.000414s ]
SQL: SHOW COLUMNS FROM `clas` [ RunTime:0.0029s ]
SQL: SHOW COLUMNS FROM `stud` [ RunTime:0.0028s ]
SQL: SELECT * FROM `clas` WHERE ( classs_id = 1324657891 )  [ RunTime:0.0003s ]
SQL: SELECT * FROM `stud` WHERE ( `sno` = 3014218099 )  [ RunTime:0.0002s ]
INFO: [ view_parse ] --START--
INFO: [ template_filter ] --START--
INFO: Run Behavior\ContentReplaceBehavior [ RunTime:0.000063s ]
INFO: [ template_filter ] --END-- [ RunTime:0.000163s ]
INFO: Run Behavior\ParseTemplateBehavior [ RunTime:0.005538s ]
INFO: [ view_parse ] --END-- [ RunTime:0.005597s ]
INFO: [ view_filter ] --START--
INFO: Run Behavior\WriteHtmlCacheBehavior [ RunTime:0.000275s ]
INFO: [ view_filter ] --END-- [ RunTime:0.000307s ]

[ 2016-09-06T21:41:12+08:00 ] 127.0.0.1 /whc_dbhw/index.php/Home/Class/detail/id/1324657891.html
INFO: [ app_init ] --START--
INFO: Run Behavior\BuildLiteBehavior [ RunTime:0.000011s ]
INFO: [ app_init ] --END-- [ RunTime:0.000315s ]
INFO: [ app_begin ] --START--
INFO: Run Behavior\ReadHtmlCacheBehavior [ RunTime:0.000441s ]
INFO: [ app_begin ] --END-- [ RunTime:0.000482s ]
SQL: SHOW COLUMNS FROM `clas` [ RunTime:0.0036s ]
SQL: SELECT * FROM `clas` WHERE ( classs_id = 1324657891 )  [ RunTime:0.0003s ]
SQL: SELECT * FROM `clas` WHERE ( `tea_name` = '孙媛' and `classs_id` <> 1324657891 ) ORDER BY time DESC LIMIT 4   [ RunTime:0.0003s ]
SQL: SHOW COLUMNS FROM `select` [ RunTime:0.0029s ]
SQL: SELECT * FROM `select` WHERE ( classs_id = 1324657891 and stud_sno = 3014218099 )  [ RunTime:0.0003s ]
INFO: [ view_parse ] --START--
INFO: [ template_filter ] --START--
INFO: Run Behavior\ContentReplaceBehavior [ RunTime:0.000050s ]
INFO: [ template_filter ] --END-- [ RunTime:0.000091s ]
INFO: Run Behavior\ParseTemplateBehavior [ RunTime:0.006197s ]
INFO: [ view_parse ] --END-- [ RunTime:0.006244s ]
INFO: [ view_filter ] --START--
INFO: Run Behavior\WriteHtmlCacheBehavior [ RunTime:0.000178s ]
INFO: [ view_filter ] --END-- [ RunTime:0.000207s ]
INFO: [ app_end ] --START--
INFO: Run Behavior\ShowPageTraceBehavior [ RunTime:0.000524s ]
INFO: [ app_end ] --END-- [ RunTime:0.000558s ]

[ 2016-09-06T21:41:15+08:00 ] 127.0.0.1 /whc_dbhw/index.php/Home/Class/selClas.html
INFO: [ app_init ] --START--
INFO: Run Behavior\BuildLiteBehavior [ RunTime:0.000013s ]
INFO: [ app_init ] --END-- [ RunTime:0.000336s ]
INFO: [ app_begin ] --START--
INFO: Run Behavior\ReadHtmlCacheBehavior [ RunTime:0.000380s ]
INFO: [ app_begin ] --END-- [ RunTime:0.000421s ]
SQL: SHOW COLUMNS FROM `clas` [ RunTime:0.0032s ]
SQL: SHOW COLUMNS FROM `stud` [ RunTime:0.0033s ]
SQL: SELECT * FROM `clas` WHERE ( classs_id = 1324657891 )  [ RunTime:0.0004s ]
SQL: SELECT * FROM `stud` WHERE ( `sno` = 3014218099 )  [ RunTime:0.0002s ]
NOTIC: [8] Array to string conversion D:\data\whc_web\whc_dbhw\Application\Home\Controller\ClassController.class.php 第 94 行.
INFO: [ view_parse ] --START--
INFO: [ template_filter ] --START--
INFO: Run Behavior\ContentReplaceBehavior [ RunTime:0.000045s ]
INFO: [ template_filter ] --END-- [ RunTime:0.000114s ]
INFO: Run Behavior\ParseTemplateBehavior [ RunTime:0.004369s ]
INFO: [ view_parse ] --END-- [ RunTime:0.004424s ]
INFO: [ view_filter ] --START--
INFO: Run Behavior\WriteHtmlCacheBehavior [ RunTime:0.000223s ]
INFO: [ view_filter ] --END-- [ RunTime:0.000255s ]

[ 2016-09-06T21:41:47+08:00 ] 127.0.0.1 /whc_dbhw/index.php/Home/Class/detail/id/1324657891.html
INFO: [ app_init ] --START--
INFO: Run Behavior\BuildLiteBehavior [ RunTime:0.000019s ]
INFO: [ app_init ] --END-- [ RunTime:0.000467s ]
INFO: [ app_begin ] --START--
INFO: Run Behavior\ReadHtmlCacheBehavior [ RunTime:0.000596s ]
INFO: [ app_begin ] --END-- [ RunTime:0.000662s ]
SQL: SHOW COLUMNS FROM `clas` [ RunTime:0.0029s ]
SQL: SELECT * FROM `clas` WHERE ( classs_id = 1324657891 )  [ RunTime:0.0003s ]
SQL: SELECT * FROM `clas` WHERE ( `tea_name` = '孙媛' and `classs_id` <> 1324657891 ) ORDER BY time DESC LIMIT 4   [ RunTime:0.0003s ]
SQL: SHOW COLUMNS FROM `select` [ RunTime:0.0029s ]
SQL: SELECT * FROM `select` WHERE ( classs_id = 1324657891 and stud_sno = 3014218099 )  [ RunTime:0.0003s ]
INFO: [ view_parse ] --START--
INFO: [ template_filter ] --START--
INFO: Run Behavior\ContentReplaceBehavior [ RunTime:0.000094s ]
INFO: [ template_filter ] --END-- [ RunTime:0.000172s ]
INFO: Run Behavior\ParseTemplateBehavior [ RunTime:0.007910s ]
INFO: [ view_parse ] --END-- [ RunTime:0.007965s ]
INFO: [ view_filter ] --START--
INFO: Run Behavior\WriteHtmlCacheBehavior [ RunTime:0.000266s ]
INFO: [ view_filter ] --END-- [ RunTime:0.000297s ]
INFO: [ app_end ] --START--
INFO: Run Behavior\ShowPageTraceBehavior [ RunTime:0.000678s ]
INFO: [ app_end ] --END-- [ RunTime:0.000718s ]

[ 2016-09-06T21:41:48+08:00 ] 127.0.0.1 /whc_dbhw/index.php/Home/Class/selClas.html
INFO: [ app_init ] --START--
INFO: Run Behavior\BuildLiteBehavior [ RunTime:0.000013s ]
INFO: [ app_init ] --END-- [ RunTime:0.000325s ]
INFO: [ app_begin ] --START--
INFO: Run Behavior\ReadHtmlCacheBehavior [ RunTime:0.000409s ]
INFO: [ app_begin ] --END-- [ RunTime:0.000459s ]
SQL: SHOW COLUMNS FROM `clas` [ RunTime:0.0033s ]
SQL: SHOW COLUMNS FROM `stud` [ RunTime:0.0030s ]
SQL: SELECT * FROM `clas` WHERE ( classs_id = 1324657891 )  [ RunTime:0.0005s ]
SQL: SELECT * FROM `stud` WHERE ( `sno` = '3014218099' )  [ RunTime:0.0004s ]
INFO: [ view_parse ] --START--
INFO: [ template_filter ] --START--
INFO: Run Behavior\ContentReplaceBehavior [ RunTime:0.000053s ]
INFO: [ template_filter ] --END-- [ RunTime:0.000139s ]
INFO: Run Behavior\ParseTemplateBehavior [ RunTime:0.006214s ]
INFO: [ view_parse ] --END-- [ RunTime:0.006305s ]
INFO: [ view_filter ] --START--
INFO: Run Behavior\WriteHtmlCacheBehavior [ RunTime:0.000297s ]
INFO: [ view_filter ] --END-- [ RunTime:0.000347s ]

[ 2016-09-06T21:41:57+08:00 ] 127.0.0.1 /whc_dbhw/index.php/Home/Class/detail/id/1324657891.html
INFO: [ app_init ] --START--
INFO: Run Behavior\BuildLiteBehavior [ RunTime:0.000017s ]
INFO: [ app_init ] --END-- [ RunTime:0.000453s ]
INFO: [ app_begin ] --START--
INFO: Run Behavior\ReadHtmlCacheBehavior [ RunTime:0.000573s ]
INFO: [ app_begin ] --END-- [ RunTime:0.000637s ]
SQL: SHOW COLUMNS FROM `clas` [ RunTime:0.0031s ]
SQL: SELECT * FROM `clas` WHERE ( classs_id = 1324657891 )  [ RunTime:0.0003s ]
SQL: SELECT * FROM `clas` WHERE ( `tea_name` = '孙媛' and `classs_id` <> 1324657891 ) ORDER BY time DESC LIMIT 4   [ RunTime:0.0003s ]
SQL: SHOW COLUMNS FROM `select` [ RunTime:0.0032s ]
SQL: SELECT * FROM `select` WHERE ( classs_id = 1324657891 and stud_sno = 3014218099 )  [ RunTime:0.0003s ]
INFO: [ view_parse ] --START--
INFO: [ template_filter ] --START--
INFO: Run Behavior\ContentReplaceBehavior [ RunTime:0.000058s ]
INFO: [ template_filter ] --END-- [ RunTime:0.000108s ]
INFO: Run Behavior\ParseTemplateBehavior [ RunTime:0.007162s ]
INFO: [ view_parse ] --END-- [ RunTime:0.007213s ]
INFO: [ view_filter ] --START--
INFO: Run Behavior\WriteHtmlCacheBehavior [ RunTime:0.000215s ]
INFO: [ view_filter ] --END-- [ RunTime:0.000252s ]
INFO: [ app_end ] --START--
INFO: Run Behavior\ShowPageTraceBehavior [ RunTime:0.000525s ]
INFO: [ app_end ] --END-- [ RunTime:0.000563s ]

[ 2016-09-06T21:41:59+08:00 ] 127.0.0.1 /whc_dbhw/index.php/Home/Class/selClas.html
INFO: [ app_init ] --START--
INFO: Run Behavior\BuildLiteBehavior [ RunTime:0.000013s ]
INFO: [ app_init ] --END-- [ RunTime:0.000361s ]
INFO: [ app_begin ] --START--
INFO: Run Behavior\ReadHtmlCacheBehavior [ RunTime:0.000476s ]
INFO: [ app_begin ] --END-- [ RunTime:0.000520s ]
SQL: SHOW COLUMNS FROM `clas` [ RunTime:0.0030s ]
SQL: SHOW COLUMNS FROM `stud` [ RunTime:0.0031s ]
SQL: SELECT * FROM `clas` WHERE ( classs_id = 1324657891 )  [ RunTime:0.0003s ]
ERR: 1054:Unknown column 'sn' in 'where clause'
 [ SQL语句 ] : SELECT * FROM `stud` WHERE ( `sn` = '3014218099' ) 
ERR: 1054:Unknown column 'sn' in 'where clause'
 [ SQL语句 ] : SELECT * FROM `stud` WHERE ( `sn` = '3014218099' ) 

[ 2016-09-06T21:42:42+08:00 ] 127.0.0.1 /whc_dbhw/index.php/Home/Class/selClas.html
INFO: [ app_init ] --START--
INFO: Run Behavior\BuildLiteBehavior [ RunTime:0.000020s ]
INFO: [ app_init ] --END-- [ RunTime:0.000657s ]
INFO: [ app_begin ] --START--
INFO: Run Behavior\ReadHtmlCacheBehavior [ RunTime:0.000829s ]
INFO: [ app_begin ] --END-- [ RunTime:0.000921s ]
SQL: SHOW COLUMNS FROM `clas` [ RunTime:0.0029s ]
SQL: SHOW COLUMNS FROM `stud` [ RunTime:0.0035s ]
SQL: SELECT * FROM `clas` WHERE ( classs_id = 1324657891 )  [ RunTime:0.0003s ]
SQL: SELECT * FROM `stud` WHERE ( `sno` = 3014218099 )  [ RunTime:0.0002s ]
INFO: [ view_parse ] --START--
INFO: [ template_filter ] --START--
INFO: Run Behavior\ContentReplaceBehavior [ RunTime:0.000035s ]
INFO: [ template_filter ] --END-- [ RunTime:0.000082s ]
INFO: Run Behavior\ParseTemplateBehavior [ RunTime:0.004880s ]
INFO: [ view_parse ] --END-- [ RunTime:0.004925s ]
INFO: [ view_filter ] --START--
INFO: Run Behavior\WriteHtmlCacheBehavior [ RunTime:0.000257s ]
INFO: [ view_filter ] --END-- [ RunTime:0.000288s ]

[ 2016-09-06T21:45:00+08:00 ] 127.0.0.1 /whc_dbhw/index.php/Home/Class/detail/id/1324657891.html
INFO: [ app_init ] --START--
INFO: Run Behavior\BuildLiteBehavior [ RunTime:0.000021s ]
INFO: [ app_init ] --END-- [ RunTime:0.000557s ]
INFO: [ app_begin ] --START--
INFO: Run Behavior\ReadHtmlCacheBehavior [ RunTime:0.000691s ]
INFO: [ app_begin ] --END-- [ RunTime:0.000769s ]
SQL: SHOW COLUMNS FROM `clas` [ RunTime:0.0032s ]
SQL: SELECT * FROM `clas` WHERE ( classs_id = 1324657891 )  [ RunTime:0.0003s ]
SQL: SELECT * FROM `clas` WHERE ( `tea_name` = '孙媛' and `classs_id` <> 1324657891 ) ORDER BY time DESC LIMIT 4   [ RunTime:0.0003s ]
SQL: SHOW COLUMNS FROM `select` [ RunTime:0.0029s ]
SQL: SELECT * FROM `select` WHERE ( classs_id = 1324657891 and stud_sno = 3014218099 )  [ RunTime:0.0003s ]
INFO: [ view_parse ] --START--
INFO: [ template_filter ] --START--
INFO: Run Behavior\ContentReplaceBehavior [ RunTime:0.000063s ]
INFO: [ template_filter ] --END-- [ RunTime:0.000113s ]
INFO: Run Behavior\ParseTemplateBehavior [ RunTime:0.007304s ]
INFO: [ view_parse ] --END-- [ RunTime:0.007357s ]
INFO: [ view_filter ] --START--
INFO: Run Behavior\WriteHtmlCacheBehavior [ RunTime:0.000264s ]
INFO: [ view_filter ] --END-- [ RunTime:0.000295s ]
INFO: [ app_end ] --START--
INFO: Run Behavior\ShowPageTraceBehavior [ RunTime:0.000510s ]
INFO: [ app_end ] --END-- [ RunTime:0.000545s ]

[ 2016-09-06T21:45:01+08:00 ] 127.0.0.1 /whc_dbhw/index.php/Home/Class/selClas.html
INFO: [ app_init ] --START--
INFO: Run Behavior\BuildLiteBehavior [ RunTime:0.000013s ]
INFO: [ app_init ] --END-- [ RunTime:0.000413s ]
INFO: [ app_begin ] --START--
INFO: Run Behavior\ReadHtmlCacheBehavior [ RunTime:0.000592s ]
INFO: [ app_begin ] --END-- [ RunTime:0.000643s ]
SQL: SHOW COLUMNS FROM `clas` [ RunTime:0.0045s ]
SQL: SHOW COLUMNS FROM `stud` [ RunTime:0.0038s ]
SQL: SELECT * FROM `clas` WHERE ( classs_id = 1324657891 )  [ RunTime:0.0004s ]
SQL: SELECT * FROM `stud` WHERE ( `sno` = 3014218099 )  [ RunTime:0.0003s ]
SQL: SHOW COLUMNS FROM `select` [ RunTime:0.0029s ]
SQL: SELECT * FROM `select` WHERE ( stud_sno = 3014218099 and classs_id = 1324657891 )  [ RunTime:0.0003s ]
SQL: INSERT INTO `select` (`stud_sno`,`classs_id`,`time`) VALUES ('2147483647','1324657891','2016-09-06 21-45-01') [ RunTime:0.0020s ]
INFO: [ view_parse ] --START--
INFO: [ template_filter ] --START--
INFO: Run Behavior\ContentReplaceBehavior [ RunTime:0.000058s ]
INFO: [ template_filter ] --END-- [ RunTime:0.000156s ]
INFO: Run Behavior\ParseTemplateBehavior [ RunTime:0.009031s ]
INFO: [ view_parse ] --END-- [ RunTime:0.009109s ]
INFO: [ view_filter ] --START--
INFO: Run Behavior\WriteHtmlCacheBehavior [ RunTime:0.000571s ]
INFO: [ view_filter ] --END-- [ RunTime:0.000624s ]
INFO: [ app_end ] --START--
INFO: Run Behavior\ShowPageTraceBehavior [ RunTime:0.000812s ]
INFO: [ app_end ] --END-- [ RunTime:0.000866s ]

[ 2016-09-06T21:45:05+08:00 ] 127.0.0.1 /whc_dbhw/index.php/Home/Class/classList.html
INFO: [ app_init ] --START--
INFO: Run Behavior\BuildLiteBehavior [ RunTime:0.000022s ]
INFO: [ app_init ] --END-- [ RunTime:0.000636s ]
INFO: [ app_begin ] --START--
INFO: Run Behavior\ReadHtmlCacheBehavior [ RunTime:0.000980s ]
INFO: [ app_begin ] --END-- [ RunTime:0.001076s ]
SQL: SHOW COLUMNS FROM `clas` [ RunTime:0.0040s ]
SQL: SELECT COUNT(*) AS tp_count FROM `clas` LIMIT 1   [ RunTime:0.0003s ]
SQL: SELECT * FROM `clas` ORDER BY time DESC LIMIT 0,9   [ RunTime:0.0004s ]
INFO: [ view_parse ] --START--
INFO: [ template_filter ] --START--
INFO: Run Behavior\ContentReplaceBehavior [ RunTime:0.000103s ]
INFO: [ template_filter ] --END-- [ RunTime:0.000185s ]
INFO: Run Behavior\ParseTemplateBehavior [ RunTime:0.015869s ]
INFO: [ view_parse ] --END-- [ RunTime:0.015954s ]
INFO: [ view_filter ] --START--
INFO: Run Behavior\WriteHtmlCacheBehavior [ RunTime:0.000605s ]
INFO: [ view_filter ] --END-- [ RunTime:0.000660s ]
INFO: [ app_end ] --START--
INFO: Run Behavior\ShowPageTraceBehavior [ RunTime:0.000945s ]
INFO: [ app_end ] --END-- [ RunTime:0.001013s ]

[ 2016-09-06T21:45:12+08:00 ] 127.0.0.1 /whc_dbhw/index.php/Home/Class/detail/id/1324657891.html
INFO: [ app_init ] --START--
INFO: Run Behavior\BuildLiteBehavior [ RunTime:0.000011s ]
INFO: [ app_init ] --END-- [ RunTime:0.000365s ]
INFO: [ app_begin ] --START--
INFO: Run Behavior\ReadHtmlCacheBehavior [ RunTime:0.000510s ]
INFO: [ app_begin ] --END-- [ RunTime:0.000552s ]
SQL: SHOW COLUMNS FROM `clas` [ RunTime:0.0034s ]
SQL: SELECT * FROM `clas` WHERE ( classs_id = 1324657891 )  [ RunTime:0.0003s ]
SQL: SELECT * FROM `clas` WHERE ( `tea_name` = '孙媛' and `classs_id` <> 1324657891 ) ORDER BY time DESC LIMIT 4   [ RunTime:0.0007s ]
SQL: SHOW COLUMNS FROM `select` [ RunTime:0.0032s ]
SQL: SELECT * FROM `select` WHERE ( classs_id = 1324657891 and stud_sno = 3014218099 )  [ RunTime:0.0003s ]
INFO: [ view_parse ] --START--
INFO: [ template_filter ] --START--
INFO: Run Behavior\ContentReplaceBehavior [ RunTime:0.000051s ]
INFO: [ template_filter ] --END-- [ RunTime:0.000092s ]
INFO: Run Behavior\ParseTemplateBehavior [ RunTime:0.007648s ]
INFO: [ view_parse ] --END-- [ RunTime:0.007699s ]
INFO: [ view_filter ] --START--
INFO: Run Behavior\WriteHtmlCacheBehavior [ RunTime:0.000364s ]
INFO: [ view_filter ] --END-- [ RunTime:0.000396s ]
INFO: [ app_end ] --START--
INFO: Run Behavior\ShowPageTraceBehavior [ RunTime:0.000555s ]
INFO: [ app_end ] --END-- [ RunTime:0.000588s ]

[ 2016-09-06T21:46:57+08:00 ] 127.0.0.1 /whc_dbhw/index.php/
INFO: [ app_init ] --START--
INFO: Run Behavior\BuildLiteBehavior [ RunTime:0.000010s ]
INFO: [ app_init ] --END-- [ RunTime:0.000348s ]
INFO: [ app_begin ] --START--
INFO: Run Behavior\ReadHtmlCacheBehavior [ RunTime:0.000637s ]
INFO: [ app_begin ] --END-- [ RunTime:0.000680s ]
INFO: [ view_parse ] --START--
INFO: [ template_filter ] --START--
INFO: Run Behavior\ContentReplaceBehavior [ RunTime:0.000056s ]
INFO: [ template_filter ] --END-- [ RunTime:0.000129s ]
INFO: Run Behavior\ParseTemplateBehavior [ RunTime:0.006905s ]
INFO: [ view_parse ] --END-- [ RunTime:0.006954s ]
INFO: [ view_filter ] --START--
INFO: Run Behavior\WriteHtmlCacheBehavior [ RunTime:0.000379s ]
INFO: [ view_filter ] --END-- [ RunTime:0.000411s ]
INFO: [ app_end ] --START--
INFO: Run Behavior\ShowPageTraceBehavior [ RunTime:0.000534s ]
INFO: [ app_end ] --END-- [ RunTime:0.000569s ]

[ 2016-09-06T21:47:02+08:00 ] 127.0.0.1 /whc_dbhw/index.php/Home/Index/index.html
INFO: [ app_init ] --START--
INFO: Run Behavior\BuildLiteBehavior [ RunTime:0.000011s ]
INFO: [ app_init ] --END-- [ RunTime:0.000356s ]
INFO: [ app_begin ] --START--
INFO: Run Behavior\ReadHtmlCacheBehavior [ RunTime:0.000542s ]
INFO: [ app_begin ] --END-- [ RunTime:0.000584s ]
SQL: SHOW COLUMNS FROM `stuinfo` [ RunTime:0.0030s ]
SQL: SELECT * FROM `stuinfo` WHERE ( `sno` = 3014218099 )  [ RunTime:0.0003s ]
INFO: [ view_parse ] --START--
INFO: [ template_filter ] --START--
INFO: Run Behavior\ContentReplaceBehavior [ RunTime:0.000035s ]
INFO: [ template_filter ] --END-- [ RunTime:0.000074s ]
INFO: Run Behavior\ParseTemplateBehavior [ RunTime:0.005585s ]
INFO: [ view_parse ] --END-- [ RunTime:0.005652s ]
INFO: [ view_filter ] --START--
INFO: Run Behavior\WriteHtmlCacheBehavior [ RunTime:0.000353s ]
INFO: [ view_filter ] --END-- [ RunTime:0.000385s ]
INFO: [ app_end ] --START--
INFO: Run Behavior\ShowPageTraceBehavior [ RunTime:0.000563s ]
INFO: [ app_end ] --END-- [ RunTime:0.000599s ]

[ 2016-09-06T21:47:04+08:00 ] 127.0.0.1 /whc_dbhw/index.php/Home/Class/classList.html
INFO: [ app_init ] --START--
INFO: Run Behavior\BuildLiteBehavior [ RunTime:0.000012s ]
INFO: [ app_init ] --END-- [ RunTime:0.000343s ]
INFO: [ app_begin ] --START--
INFO: Run Behavior\ReadHtmlCacheBehavior [ RunTime:0.000601s ]
INFO: [ app_begin ] --END-- [ RunTime:0.000649s ]
SQL: SHOW COLUMNS FROM `clas` [ RunTime:0.0028s ]
SQL: SELECT COUNT(*) AS tp_count FROM `clas` LIMIT 1   [ RunTime:0.0003s ]
SQL: SELECT * FROM `clas` ORDER BY time DESC LIMIT 0,9   [ RunTime:0.0003s ]
INFO: [ view_parse ] --START--
INFO: [ template_filter ] --START--
INFO: Run Behavior\ContentReplaceBehavior [ RunTime:0.000103s ]
INFO: [ template_filter ] --END-- [ RunTime:0.000204s ]
INFO: Run Behavior\ParseTemplateBehavior [ RunTime:0.009810s ]
INFO: [ view_parse ] --END-- [ RunTime:0.009863s ]
INFO: [ view_filter ] --START--
INFO: Run Behavior\WriteHtmlCacheBehavior [ RunTime:0.000413s ]
INFO: [ view_filter ] --END-- [ RunTime:0.000447s ]
INFO: [ app_end ] --START--
INFO: Run Behavior\ShowPageTraceBehavior [ RunTime:0.000532s ]
INFO: [ app_end ] --END-- [ RunTime:0.000566s ]

[ 2016-09-06T21:47:05+08:00 ] 127.0.0.1 /whc_dbhw/index.php/Home/Class/detail/id/1324657891.html
INFO: [ app_init ] --START--
INFO: Run Behavior\BuildLiteBehavior [ RunTime:0.000011s ]
INFO: [ app_init ] --END-- [ RunTime:0.000343s ]
INFO: [ app_begin ] --START--
INFO: Run Behavior\ReadHtmlCacheBehavior [ RunTime:0.000513s ]
INFO: [ app_begin ] --END-- [ RunTime:0.000554s ]
SQL: SHOW COLUMNS FROM `clas` [ RunTime:0.0033s ]
SQL: SELECT * FROM `clas` WHERE ( classs_id = 1324657891 )  [ RunTime:0.0003s ]
SQL: SELECT * FROM `clas` WHERE ( `tea_name` = '孙媛' and `classs_id` <> 1324657891 ) ORDER BY time DESC LIMIT 4   [ RunTime:0.0003s ]
SQL: SHOW COLUMNS FROM `select` [ RunTime:0.0027s ]
SQL: SELECT * FROM `select` WHERE ( classs_id = 1324657891 and stud_sno = 3014218099 )  [ RunTime:0.0003s ]
INFO: [ view_parse ] --START--
INFO: [ template_filter ] --START--
INFO: Run Behavior\ContentReplaceBehavior [ RunTime:0.000052s ]
INFO: [ template_filter ] --END-- [ RunTime:0.000093s ]
INFO: Run Behavior\ParseTemplateBehavior [ RunTime:0.007540s ]
INFO: [ view_parse ] --END-- [ RunTime:0.007606s ]
INFO: [ view_filter ] --START--
INFO: Run Behavior\WriteHtmlCacheBehavior [ RunTime:0.000534s ]
INFO: [ view_filter ] --END-- [ RunTime:0.000584s ]
INFO: [ app_end ] --START--
INFO: Run Behavior\ShowPageTraceBehavior [ RunTime:0.001037s ]
INFO: [ app_end ] --END-- [ RunTime:0.001087s ]

[ 2016-09-06T21:47:17+08:00 ] 127.0.0.1 /whc_dbhw/index.php/Home/Class/detail/id/1324657891.html
INFO: [ app_init ] --START--
INFO: Run Behavior\BuildLiteBehavior [ RunTime:0.000011s ]
INFO: [ app_init ] --END-- [ RunTime:0.000348s ]
INFO: [ app_begin ] --START--
INFO: Run Behavior\ReadHtmlCacheBehavior [ RunTime:0.000541s ]
INFO: [ app_begin ] --END-- [ RunTime:0.000581s ]
SQL: SHOW COLUMNS FROM `clas` [ RunTime:0.0032s ]
SQL: SELECT * FROM `clas` WHERE ( classs_id = 1324657891 )  [ RunTime:0.0003s ]
SQL: SELECT * FROM `clas` WHERE ( `tea_name` = '孙媛' and `classs_id` <> 1324657891 ) ORDER BY time DESC LIMIT 4   [ RunTime:0.0003s ]
SQL: SHOW COLUMNS FROM `select` [ RunTime:0.0031s ]
SQL: SELECT * FROM `select` WHERE ( classs_id = 1324657891 and stud_sno = 3014218099 )  [ RunTime:0.0004s ]
INFO: [ view_parse ] --START--
INFO: [ template_filter ] --START--
INFO: Run Behavior\ContentReplaceBehavior [ RunTime:0.000054s ]
INFO: [ template_filter ] --END-- [ RunTime:0.000100s ]
INFO: Run Behavior\ParseTemplateBehavior [ RunTime:0.008295s ]
INFO: [ view_parse ] --END-- [ RunTime:0.008343s ]
INFO: [ view_filter ] --START--
INFO: Run Behavior\WriteHtmlCacheBehavior [ RunTime:0.000439s ]
INFO: [ view_filter ] --END-- [ RunTime:0.000471s ]
INFO: [ app_end ] --START--
INFO: Run Behavior\ShowPageTraceBehavior [ RunTime:0.000545s ]
INFO: [ app_end ] --END-- [ RunTime:0.000578s ]

[ 2016-09-06T21:47:21+08:00 ] 127.0.0.1 /whc_dbhw/index.php/Home/Class/detail/id/1324657891.html
INFO: [ app_init ] --START--
INFO: Run Behavior\BuildLiteBehavior [ RunTime:0.000025s ]
INFO: [ app_init ] --END-- [ RunTime:0.000651s ]
INFO: [ app_begin ] --START--
INFO: Run Behavior\ReadHtmlCacheBehavior [ RunTime:0.000839s ]
INFO: [ app_begin ] --END-- [ RunTime:0.000935s ]
SQL: SHOW COLUMNS FROM `clas` [ RunTime:0.0028s ]
SQL: SELECT * FROM `clas` WHERE ( classs_id = 1324657891 )  [ RunTime:0.0003s ]
SQL: SELECT * FROM `clas` WHERE ( `tea_name` = '孙媛' and `classs_id` <> 1324657891 ) ORDER BY time DESC LIMIT 4   [ RunTime:0.0002s ]
SQL: SHOW COLUMNS FROM `select` [ RunTime:0.0034s ]
SQL: SELECT * FROM `select` WHERE ( classs_id = 1324657891 and stud_sno = 3014218099 )  [ RunTime:0.0004s ]
INFO: [ view_parse ] --START--
INFO: [ template_filter ] --START--
INFO: Run Behavior\ContentReplaceBehavior [ RunTime:0.000058s ]
INFO: [ template_filter ] --END-- [ RunTime:0.000111s ]
INFO: Run Behavior\ParseTemplateBehavior [ RunTime:0.010196s ]
INFO: [ view_parse ] --END-- [ RunTime:0.010269s ]
INFO: [ view_filter ] --START--
INFO: Run Behavior\WriteHtmlCacheBehavior [ RunTime:0.000221s ]
INFO: [ view_filter ] --END-- [ RunTime:0.000256s ]
INFO: [ app_end ] --START--
INFO: Run Behavior\ShowPageTraceBehavior [ RunTime:0.000399s ]
INFO: [ app_end ] --END-- [ RunTime:0.000437s ]

[ 2016-09-06T21:47:24+08:00 ] 127.0.0.1 /whc_dbhw/index.php/Home/Class/selClas.html
INFO: [ app_init ] --START--
INFO: Run Behavior\BuildLiteBehavior [ RunTime:0.000012s ]
INFO: [ app_init ] --END-- [ RunTime:0.000280s ]
INFO: [ app_begin ] --START--
INFO: Run Behavior\ReadHtmlCacheBehavior [ RunTime:0.000350s ]
INFO: [ app_begin ] --END-- [ RunTime:0.000391s ]
SQL: SHOW COLUMNS FROM `clas` [ RunTime:0.0029s ]
SQL: SHOW COLUMNS FROM `stud` [ RunTime:0.0039s ]
SQL: SELECT * FROM `clas` WHERE ( classs_id = 1324657891 )  [ RunTime:0.0004s ]
SQL: SELECT * FROM `stud` WHERE ( `sno` = 3014218099 )  [ RunTime:0.0003s ]
SQL: SHOW COLUMNS FROM `select` [ RunTime:0.0031s ]
SQL: SELECT * FROM `select` WHERE ( stud_sno = 3014218099 and classs_id = 1324657891 )  [ RunTime:0.0003s ]
SQL: INSERT INTO `select` (`stud_sno`,`classs_id`,`time`) VALUES ('3014218099','1324657891','2016-09-06 21-47-24') [ RunTime:0.0024s ]
INFO: [ view_parse ] --START--
INFO: [ template_filter ] --START--
INFO: Run Behavior\ContentReplaceBehavior [ RunTime:0.000033s ]
INFO: [ template_filter ] --END-- [ RunTime:0.000083s ]
INFO: Run Behavior\ParseTemplateBehavior [ RunTime:0.004738s ]
INFO: [ view_parse ] --END-- [ RunTime:0.004798s ]
INFO: [ view_filter ] --START--
INFO: Run Behavior\WriteHtmlCacheBehavior [ RunTime:0.000174s ]
INFO: [ view_filter ] --END-- [ RunTime:0.000215s ]
INFO: [ app_end ] --START--
INFO: Run Behavior\ShowPageTraceBehavior [ RunTime:0.000343s ]
INFO: [ app_end ] --END-- [ RunTime:0.000375s ]

[ 2016-09-06T21:47:25+08:00 ] 127.0.0.1 /whc_dbhw/index.php/Home/Class/classList.html
INFO: [ app_init ] --START--
INFO: Run Behavior\BuildLiteBehavior [ RunTime:0.000018s ]
INFO: [ app_init ] --END-- [ RunTime:0.000411s ]
INFO: [ app_begin ] --START--
INFO: Run Behavior\ReadHtmlCacheBehavior [ RunTime:0.000507s ]
INFO: [ app_begin ] --END-- [ RunTime:0.000568s ]
SQL: SHOW COLUMNS FROM `clas` [ RunTime:0.0031s ]
SQL: SELECT COUNT(*) AS tp_count FROM `clas` LIMIT 1   [ RunTime:0.0003s ]
SQL: SELECT * FROM `clas` ORDER BY time DESC LIMIT 0,9   [ RunTime:0.0003s ]
INFO: [ view_parse ] --START--
INFO: [ template_filter ] --START--
INFO: Run Behavior\ContentReplaceBehavior [ RunTime:0.000061s ]
INFO: [ template_filter ] --END-- [ RunTime:0.000108s ]
INFO: Run Behavior\ParseTemplateBehavior [ RunTime:0.009996s ]
INFO: [ view_parse ] --END-- [ RunTime:0.010044s ]
INFO: [ view_filter ] --START--
INFO: Run Behavior\WriteHtmlCacheBehavior [ RunTime:0.000209s ]
INFO: [ view_filter ] --END-- [ RunTime:0.000240s ]
INFO: [ app_end ] --START--
INFO: Run Behavior\ShowPageTraceBehavior [ RunTime:0.000341s ]
INFO: [ app_end ] --END-- [ RunTime:0.000372s ]

[ 2016-09-06T21:47:25+08:00 ] 127.0.0.1 /whc_dbhw/index.php/Home/Class/classList.html
INFO: [ app_init ] --START--
INFO: Run Behavior\BuildLiteBehavior [ RunTime:0.000013s ]
INFO: [ app_init ] --END-- [ RunTime:0.000449s ]
INFO: [ app_begin ] --START--
INFO: Run Behavior\ReadHtmlCacheBehavior [ RunTime:0.000659s ]
INFO: [ app_begin ] --END-- [ RunTime:0.000720s ]
SQL: SHOW COLUMNS FROM `clas` [ RunTime:0.0032s ]
SQL: SELECT COUNT(*) AS tp_count FROM `clas` LIMIT 1   [ RunTime:0.0003s ]
SQL: SELECT * FROM `clas` ORDER BY time DESC LIMIT 0,9   [ RunTime:0.0003s ]
INFO: [ view_parse ] --START--
INFO: [ template_filter ] --START--
INFO: Run Behavior\ContentReplaceBehavior [ RunTime:0.000055s ]
INFO: [ template_filter ] --END-- [ RunTime:0.000094s ]
INFO: Run Behavior\ParseTemplateBehavior [ RunTime:0.009391s ]
INFO: [ view_parse ] --END-- [ RunTime:0.009476s ]
INFO: [ view_filter ] --START--
INFO: Run Behavior\WriteHtmlCacheBehavior [ RunTime:0.000737s ]
INFO: [ view_filter ] --END-- [ RunTime:0.000802s ]
INFO: [ app_end ] --START--
INFO: Run Behavior\ShowPageTraceBehavior [ RunTime:0.000575s ]
INFO: [ app_end ] --END-- [ RunTime:0.000612s ]

