[ 2016-05-28T21:31:14+08:00 ] ::1 /whc_dbhw/Admin
INFO: [ app_init ] --START--
INFO: Run Behavior\BuildLiteBehavior [ RunTime:0.000033s ]
INFO: [ app_init ] --END-- [ RunTime:0.089005s ]
INFO: [ app_begin ] --START--
INFO: Run Behavior\ReadHtmlCacheBehavior [ RunTime:0.010186s ]
INFO: [ app_begin ] --END-- [ RunTime:0.010286s ]
ERR: SQLSTATE[HY000] [2002] ÓÉÓÚÄ¿±ê¼ÆËã»ú»ı¼«¾Ü¾ø£¬ÎŞ·¨Á¬½Ó¡£


[ 2016-05-28T21:41:32+08:00 ] ::1 /whc_dbhw/Admin
INFO: [ app_init ] --START--
INFO: Run Behavior\BuildLiteBehavior [ RunTime:0.000013s ]
INFO: [ app_init ] --END-- [ RunTime:0.000385s ]
INFO: [ app_begin ] --START--
INFO: Run Behavior\ReadHtmlCacheBehavior [ RunTime:0.000938s ]
INFO: [ app_begin ] --END-- [ RunTime:0.001007s ]
SQL: SHOW COLUMNS FROM `clas` [ RunTime:0.0074s ]
SQL: SHOW COLUMNS FROM `select` [ RunTime:0.0086s ]
ERR: 1054:Unknown column 'time' in 'order clause'
 [ SQLè¯­å¥ ] : SELECT * FROM `clas` ORDER BY time DESC LIMIT 5  
ERR: 1054:Unknown column 'time' in 'order clause'
 [ SQLè¯­å¥ ] : SELECT * FROM `clas` ORDER BY time DESC LIMIT 5  

[ 2016-05-28T21:42:25+08:00 ] ::1 /whc_dbhw/Admin
INFO: [ app_init ] --START--
INFO: Run Behavior\BuildLiteBehavior [ RunTime:0.000013s ]
INFO: [ app_init ] --END-- [ RunTime:0.000381s ]
INFO: [ app_begin ] --START--
INFO: Run Behavior\ReadHtmlCacheBehavior [ RunTime:0.000670s ]
INFO: [ app_begin ] --END-- [ RunTime:0.000733s ]
SQL: SHOW COLUMNS FROM `clas` [ RunTime:0.0039s ]
SQL: SHOW COLUMNS FROM `select` [ RunTime:0.0042s ]
ERR: 1054:Unknown column 'time' in 'order clause'
 [ SQLè¯­å¥ ] : SELECT * FROM `clas` ORDER BY `time` DESC LIMIT 5  
ERR: 1054:Unknown column 'time' in 'order clause'
 [ SQLè¯­å¥ ] : SELECT * FROM `clas` ORDER BY `time` DESC LIMIT 5  

[ 2016-05-28T21:43:17+08:00 ] ::1 /whc_dbhw/Admin
INFO: [ app_init ] --START--
INFO: Run Behavior\BuildLiteBehavior [ RunTime:0.000012s ]
INFO: [ app_init ] --END-- [ RunTime:0.000367s ]
INFO: [ app_begin ] --START--
INFO: Run Behavior\ReadHtmlCacheBehavior [ RunTime:0.000457s ]
INFO: [ app_begin ] --END-- [ RunTime:0.000512s ]
SQL: SHOW COLUMNS FROM `clas` [ RunTime:0.0509s ]
SQL: SHOW COLUMNS FROM `select` [ RunTime:0.0038s ]
SQL: SELECT * FROM `clas` ORDER BY `time` DESC LIMIT 5   [ RunTime:0.0003s ]
SQL: SELECT * FROM `select` ORDER BY `time` DESC LIMIT 5   [ RunTime:0.0002s ]
SQL: SELECT COUNT(*) AS tp_count FROM `clas` LIMIT 1   [ RunTime:0.0323s ]
SQL: SELECT COUNT(*) AS tp_count FROM `select` LIMIT 1   [ RunTime:0.0002s ]
INFO: [ view_parse ] --START--
INFO: [ template_filter ] --START--
INFO: Run Behavior\ContentReplaceBehavior [ RunTime:0.009216s ]
INFO: [ template_filter ] --END-- [ RunTime:0.009336s ]
INFO: Run Behavior\ParseTemplateBehavior [ RunTime:0.262897s ]
INFO: [ view_parse ] --END-- [ RunTime:0.262959s ]
INFO: [ view_filter ] --START--
INFO: Run Behavior\WriteHtmlCacheBehavior [ RunTime:0.011217s ]
INFO: [ view_filter ] --END-- [ RunTime:0.011281s ]
INFO: [ app_end ] --START--
INFO: Run Behavior\ShowPageTraceBehavior [ RunTime:0.032127s ]
INFO: [ app_end ] --END-- [ RunTime:0.032274s ]

[ 2016-05-28T21:43:23+08:00 ] ::1 /whc_dbhw/index.php/Admin/Index/forms.html
INFO: [ app_init ] --START--
INFO: Run Behavior\BuildLiteBehavior [ RunTime:0.000018s ]
INFO: [ app_init ] --END-- [ RunTime:0.000414s ]
INFO: [ app_begin ] --START--
INFO: Run Behavior\ReadHtmlCacheBehavior [ RunTime:0.000524s ]
INFO: [ app_begin ] --END-- [ RunTime:0.000594s ]
INFO: [ view_parse ] --START--
INFO: [ template_filter ] --START--
INFO: Run Behavior\ContentReplaceBehavior [ RunTime:0.000091s ]
INFO: [ template_filter ] --END-- [ RunTime:0.000150s ]
INFO: Run Behavior\ParseTemplateBehavior [ RunTime:0.059765s ]
INFO: [ view_parse ] --END-- [ RunTime:0.059855s ]
INFO: [ view_filter ] --START--
INFO: Run Behavior\WriteHtmlCacheBehavior [ RunTime:0.000534s ]
INFO: [ view_filter ] --END-- [ RunTime:0.000589s ]
INFO: [ app_end ] --START--
INFO: Run Behavior\ShowPageTraceBehavior [ RunTime:0.001126s ]
INFO: [ app_end ] --END-- [ RunTime:0.001920s ]

[ 2016-05-28T21:43:24+08:00 ] ::1 /whc_dbhw/index.php/Admin/Index/stuReg.html
INFO: [ app_init ] --START--
INFO: Run Behavior\BuildLiteBehavior [ RunTime:0.000023s ]
INFO: [ app_init ] --END-- [ RunTime:0.000574s ]
INFO: [ app_begin ] --START--
INFO: Run Behavior\ReadHtmlCacheBehavior [ RunTime:0.000502s ]
INFO: [ app_begin ] --END-- [ RunTime:0.000574s ]
INFO: [ view_parse ] --START--
INFO: [ template_filter ] --START--
INFO: Run Behavior\ContentReplaceBehavior [ RunTime:0.000094s ]
INFO: [ template_filter ] --END-- [ RunTime:0.000159s ]
INFO: Run Behavior\ParseTemplateBehavior [ RunTime:0.069454s ]
INFO: [ view_parse ] --END-- [ RunTime:0.069564s ]
INFO: [ view_filter ] --START--
INFO: Run Behavior\WriteHtmlCacheBehavior [ RunTime:0.000427s ]
INFO: [ view_filter ] --END-- [ RunTime:0.000477s ]
INFO: [ app_end ] --START--
INFO: Run Behavior\ShowPageTraceBehavior [ RunTime:0.000715s ]
INFO: [ app_end ] --END-- [ RunTime:0.000809s ]

[ 2016-05-28T21:43:45+08:00 ] ::1 /whc_dbhw/index.php/Admin/Index/addStu.html
INFO: [ app_init ] --START--
INFO: Run Behavior\BuildLiteBehavior [ RunTime:0.000011s ]
INFO: [ app_init ] --END-- [ RunTime:0.000287s ]
INFO: [ app_begin ] --START--
INFO: Run Behavior\ReadHtmlCacheBehavior [ RunTime:0.000357s ]
INFO: [ app_begin ] --END-- [ RunTime:0.000401s ]
SQL: SHOW COLUMNS FROM `stud` [ RunTime:0.0379s ]
SQL: SELECT * FROM `stud` WHERE ( `sno` = 3014218099 )  [ RunTime:0.0341s ]
SQL: INSERT INTO `stud` (`sno`,`name`,`gender`,`in_age`,`in_year`,`class`) VALUES ('3014218099','ç‹æµ·å¼›','1','19','2013','è½¯ä»¶å·¥ç¨‹2ç­') [ RunTime:0.0764s ]
ERR: 1146:Table 'whc_dbhw.stuinfo' doesn't exist
 [ SQLè¯­å¥ ] : SHOW COLUMNS FROM `stuinfo`
ERR: 1146:Table 'whc_dbhw.stuinfo' doesn't exist
 [ SQLè¯­å¥ ] : SHOW COLUMNS FROM `stuinfo`

[ 2016-05-28T21:46:58+08:00 ] ::1 /whc_dbhw/index.php/Admin/Index/addStu.html
INFO: [ app_init ] --START--
INFO: Run Behavior\BuildLiteBehavior [ RunTime:0.000024s ]
INFO: [ app_init ] --END-- [ RunTime:0.000614s ]
INFO: [ app_begin ] --START--
INFO: Run Behavior\ReadHtmlCacheBehavior [ RunTime:0.000799s ]
INFO: [ app_begin ] --END-- [ RunTime:0.000888s ]
SQL: SHOW COLUMNS FROM `stud` [ RunTime:0.0041s ]
SQL: SELECT * FROM `stud` WHERE ( `sno` = 3014218099 )  [ RunTime:0.0003s ]
SQL: INSERT INTO `stud` (`sno`,`name`,`gender`,`in_age`,`in_year`,`class`) VALUES ('3014218099','ç‹æµ·å¼›','1','19','2013','è½¯ä»¶å·¥ç¨‹2ç­') [ RunTime:0.1020s ]
SQL: SHOW COLUMNS FROM `stuinfo` [ RunTime:0.0045s ]
SQL: INSERT INTO `stuinfo` (`sno`,`pwd`) VALUES ('3014218099','8d45b3f6c8200f975e0c6ddb1d20ec80') [ RunTime:0.0840s ]
INFO: [ view_parse ] --START--
INFO: [ template_filter ] --START--
INFO: Run Behavior\ContentReplaceBehavior [ RunTime:0.000038s ]
INFO: [ template_filter ] --END-- [ RunTime:0.000090s ]
INFO: Run Behavior\ParseTemplateBehavior [ RunTime:0.033733s ]
INFO: [ view_parse ] --END-- [ RunTime:0.033810s ]
INFO: [ view_filter ] --START--
INFO: Run Behavior\WriteHtmlCacheBehavior [ RunTime:0.000366s ]
INFO: [ view_filter ] --END-- [ RunTime:0.000403s ]
INFO: [ app_end ] --START--
INFO: Run Behavior\ShowPageTraceBehavior [ RunTime:0.000543s ]
INFO: [ app_end ] --END-- [ RunTime:0.000589s ]

[ 2016-05-28T21:46:59+08:00 ] ::1 /whc_dbhw/index.php/Admin/Index/index.html
INFO: [ app_init ] --START--
INFO: Run Behavior\BuildLiteBehavior [ RunTime:0.000013s ]
INFO: [ app_init ] --END-- [ RunTime:0.000327s ]
INFO: [ app_begin ] --START--
INFO: Run Behavior\ReadHtmlCacheBehavior [ RunTime:0.000424s ]
INFO: [ app_begin ] --END-- [ RunTime:0.000479s ]
SQL: SHOW COLUMNS FROM `clas` [ RunTime:0.0056s ]
SQL: SHOW COLUMNS FROM `select` [ RunTime:0.0039s ]
SQL: SELECT * FROM `clas` ORDER BY `time` DESC LIMIT 5   [ RunTime:0.0003s ]
SQL: SELECT * FROM `select` ORDER BY `time` DESC LIMIT 5   [ RunTime:0.0002s ]
SQL: SELECT COUNT(*) AS tp_count FROM `clas` LIMIT 1   [ RunTime:0.0002s ]
SQL: SELECT COUNT(*) AS tp_count FROM `select` LIMIT 1   [ RunTime:0.0002s ]
INFO: [ view_parse ] --START--
INFO: [ template_filter ] --START--
INFO: Run Behavior\ContentReplaceBehavior [ RunTime:0.000137s ]
INFO: [ template_filter ] --END-- [ RunTime:0.000208s ]
INFO: Run Behavior\ParseTemplateBehavior [ RunTime:0.014076s ]
INFO: [ view_parse ] --END-- [ RunTime:0.014155s ]
INFO: [ view_filter ] --START--
INFO: Run Behavior\WriteHtmlCacheBehavior [ RunTime:0.000359s ]
INFO: [ view_filter ] --END-- [ RunTime:0.000402s ]
INFO: [ app_end ] --START--
INFO: Run Behavior\ShowPageTraceBehavior [ RunTime:0.000974s ]
INFO: [ app_end ] --END-- [ RunTime:0.001061s ]

[ 2016-05-28T21:47:04+08:00 ] ::1 /whc_dbhw/index.php/Admin/Index/forms.html
INFO: [ app_init ] --START--
INFO: Run Behavior\BuildLiteBehavior [ RunTime:0.000020s ]
INFO: [ app_init ] --END-- [ RunTime:0.000499s ]
INFO: [ app_begin ] --START--
INFO: Run Behavior\ReadHtmlCacheBehavior [ RunTime:0.000905s ]
INFO: [ app_begin ] --END-- [ RunTime:0.001019s ]
INFO: [ view_parse ] --START--
INFO: [ template_filter ] --START--
INFO: Run Behavior\ContentReplaceBehavior [ RunTime:0.000157s ]
INFO: [ template_filter ] --END-- [ RunTime:0.000256s ]
INFO: Run Behavior\ParseTemplateBehavior [ RunTime:0.010699s ]
INFO: [ view_parse ] --END-- [ RunTime:0.010771s ]
INFO: [ view_filter ] --START--
INFO: Run Behavior\WriteHtmlCacheBehavior [ RunTime:0.000287s ]
INFO: [ view_filter ] --END-- [ RunTime:0.000326s ]
INFO: [ app_end ] --START--
INFO: Run Behavior\ShowPageTraceBehavior [ RunTime:0.000559s ]
INFO: [ app_end ] --END-- [ RunTime:0.000611s ]

[ 2016-05-28T21:48:34+08:00 ] ::1 /whc_dbhw/index.php/Admin/Index/addCourse.html
INFO: [ app_init ] --START--
INFO: Run Behavior\BuildLiteBehavior [ RunTime:0.000023s ]
INFO: [ app_init ] --END-- [ RunTime:0.000512s ]
INFO: [ app_begin ] --START--
INFO: Run Behavior\ReadHtmlCacheBehavior [ RunTime:0.000715s ]
INFO: [ app_begin ] --END-- [ RunTime:0.000809s ]
SQL: SHOW COLUMNS FROM `clas` [ RunTime:0.0051s ]
NOTIC: [2] call_user_func() expects parameter 1 to be a valid callback, no array or string given E:\WEB_wenjian\whc_dbhw\ThinkPHP\Library\Think\Upload.class.php ç¬¬ 170 è¡Œ.
SQL: SELECT * FROM `clas` WHERE ( `classs_id` = 1234567890 )  [ RunTime:0.0004s ]
SQL: INSERT INTO `clas` (`classs_id`,`name`,`tea_name`,`credit`,`recommend_year`,`time`) VALUES ('1234567890','é«˜ç­‰æ•°å­¦','äº‘æ—¥å¤©','5','2016','2016-05-28 21:48:34') [ RunTime:0.0681s ]
INFO: [ view_parse ] --START--
INFO: [ template_filter ] --START--
INFO: Run Behavior\ContentReplaceBehavior [ RunTime:0.000034s ]
INFO: [ template_filter ] --END-- [ RunTime:0.000079s ]
INFO: Run Behavior\ParseTemplateBehavior [ RunTime:0.008206s ]
INFO: [ view_parse ] --END-- [ RunTime:0.008296s ]
INFO: [ view_filter ] --START--
INFO: Run Behavior\WriteHtmlCacheBehavior [ RunTime:0.000996s ]
INFO: [ view_filter ] --END-- [ RunTime:0.001037s ]
INFO: [ app_end ] --START--
INFO: Run Behavior\ShowPageTraceBehavior [ RunTime:0.001304s ]
INFO: [ app_end ] --END-- [ RunTime:0.001357s ]

[ 2016-05-28T21:48:36+08:00 ] ::1 /whc_dbhw/index.php/Admin/Index/courseList.html
INFO: [ app_init ] --START--
INFO: Run Behavior\BuildLiteBehavior [ RunTime:0.000011s ]
INFO: [ app_init ] --END-- [ RunTime:0.000479s ]
INFO: [ app_begin ] --START--
INFO: Run Behavior\ReadHtmlCacheBehavior [ RunTime:0.001283s ]
INFO: [ app_begin ] --END-- [ RunTime:0.001358s ]
SQL: SHOW COLUMNS FROM `clas` [ RunTime:0.1512s ]
SQL: SELECT * FROM `clas`  [ RunTime:0.0003s ]
INFO: [ view_parse ] --START--
INFO: [ template_filter ] --START--
INFO: Run Behavior\ContentReplaceBehavior [ RunTime:0.000075s ]
INFO: [ template_filter ] --END-- [ RunTime:0.000119s ]
NOTIC: [8] Undefined index: content E:\WEB_wenjian\whc_dbhw\Application\Runtime\Cache\Admin\22d2dfe64c72016eb134b298e828e201.php ç¬¬ 258 è¡Œ.
INFO: Run Behavior\ParseTemplateBehavior [ RunTime:0.047107s ]
INFO: [ view_parse ] --END-- [ RunTime:0.047152s ]
INFO: [ view_filter ] --START--
INFO: Run Behavior\WriteHtmlCacheBehavior [ RunTime:0.001152s ]
INFO: [ view_filter ] --END-- [ RunTime:0.001219s ]
INFO: [ app_end ] --START--
INFO: Run Behavior\ShowPageTraceBehavior [ RunTime:0.002394s ]
INFO: [ app_end ] --END-- [ RunTime:0.002474s ]

[ 2016-05-28T21:49:42+08:00 ] ::1 /whc_dbhw/index.php/Admin/Index/addCourse.html
INFO: [ app_init ] --START--
INFO: Run Behavior\BuildLiteBehavior [ RunTime:0.000023s ]
INFO: [ app_init ] --END-- [ RunTime:0.000672s ]
INFO: [ app_begin ] --START--
INFO: Run Behavior\ReadHtmlCacheBehavior [ RunTime:0.001683s ]
INFO: [ app_begin ] --END-- [ RunTime:0.001783s ]
SQL: SHOW COLUMNS FROM `clas` [ RunTime:0.0046s ]
NOTIC: [2] call_user_func() expects parameter 1 to be a valid callback, no array or string given E:\WEB_wenjian\whc_dbhw\ThinkPHP\Library\Think\Upload.class.php ç¬¬ 170 è¡Œ.
SQL: SELECT * FROM `clas` WHERE ( `classs_id` = 1234567890 )  [ RunTime:0.0003s ]
SQL: INSERT INTO `clas` (`classs_id`,`name`,`tea_name`,`credit`,`recommend_year`,`content`,`time`) VALUES ('1234567890','é«˜ç­‰æ•°å­¦','äº‘æ—¥å¤©','5','2016','é«˜ç­‰æ•°å­¦æ˜¯æ¯”åˆç­‰æ•°å­¦æ›´é«˜æ·±çš„æ•°å­¦ã€‚æœ‰äººè¯´ï¼Œåˆç­‰æ•°å­¦ä¹‹å¤–çš„æ•°å­¦éƒ½æ˜¯é«˜ç­‰æ•°å­¦ã€‚ä¹Ÿæœ‰å°†ä¸­å­¦é‡Œè¾ƒæ·±å…¥çš„ä»£æ•°ã€å‡ ä½•ä»¥åŠé›†åˆè®ºåˆæ­¥ã€é€»è¾‘åˆæ­¥ç»Ÿç§°ä¸ºä¸­ç­‰æ•°å­¦çš„ï¼Œå°†å…¶ä½œä¸ºå°å­¦ã€åˆä¸­çš„åˆç­‰æ•°å­¦ä¸æœ¬ç§‘é˜¶æ®µçš„é«˜ç­‰æ•°å­¦ä¹‹é—´çš„è¿‡æ¸¡ã€‚é€šå¸¸è®¤ä¸ºï¼Œé«˜ç­‰æ•°å­¦çš„ä¸»è¦å†…å®¹åŒ…æ‹¬ï¼šæé™ç†è®ºã€ä¸€å…ƒå¾®ç§¯åˆ†å­¦ã€å¤šå…ƒå¾®ç§¯åˆ†å­¦ã€ç©ºé—´è§£æå‡ ä½•ä¸å‘é‡ä»£æ•°ã€çº§æ•°ç†è®ºã€å¸¸å¾®åˆ†æ–¹ç¨‹åˆæ­¥ã€‚åœ¨é«˜ç­‰æ•°å­¦çš„æ•™æä¸­ï¼Œä»¥å¾®ç§¯åˆ†å­¦å’Œçº§æ•°ç†è®ºä¸ºä¸»ä½“ï¼Œå…¶ä»–æ–¹é¢çš„å†…å®¹ä¸ºè¾…ï¼Œå„ç±»è¯¾æœ¬ç•¥æœ‰å·®å¼‚ã€‚','2016-05-28 21:49:42') [ RunTime:0.0899s ]
INFO: [ view_parse ] --START--
INFO: [ template_filter ] --START--
INFO: Run Behavior\ContentReplaceBehavior [ RunTime:0.000035s ]
INFO: [ template_filter ] --END-- [ RunTime:0.000078s ]
INFO: Run Behavior\ParseTemplateBehavior [ RunTime:0.006391s ]
INFO: [ view_parse ] --END-- [ RunTime:0.006463s ]
INFO: [ view_filter ] --START--
INFO: Run Behavior\WriteHtmlCacheBehavior [ RunTime:0.000460s ]
INFO: [ view_filter ] --END-- [ RunTime:0.000495s ]
INFO: [ app_end ] --START--
INFO: Run Behavior\ShowPageTraceBehavior [ RunTime:0.000598s ]
INFO: [ app_end ] --END-- [ RunTime:0.000636s ]

[ 2016-05-28T21:49:43+08:00 ] ::1 /whc_dbhw/index.php/Admin/Index/courseList.html
INFO: [ app_init ] --START--
INFO: Run Behavior\BuildLiteBehavior [ RunTime:0.000013s ]
INFO: [ app_init ] --END-- [ RunTime:0.000382s ]
INFO: [ app_begin ] --START--
INFO: Run Behavior\ReadHtmlCacheBehavior [ RunTime:0.000539s ]
INFO: [ app_begin ] --END-- [ RunTime:0.000585s ]
SQL: SHOW COLUMNS FROM `clas` [ RunTime:0.0342s ]
SQL: SELECT * FROM `clas`  [ RunTime:0.0003s ]
INFO: [ view_parse ] --START--
INFO: [ template_filter ] --START--
INFO: Run Behavior\ContentReplaceBehavior [ RunTime:0.000096s ]
INFO: [ template_filter ] --END-- [ RunTime:0.000169s ]
INFO: Run Behavior\ParseTemplateBehavior [ RunTime:0.012244s ]
INFO: [ view_parse ] --END-- [ RunTime:0.012300s ]
INFO: [ view_filter ] --START--
INFO: Run Behavior\WriteHtmlCacheBehavior [ RunTime:0.000429s ]
INFO: [ view_filter ] --END-- [ RunTime:0.000464s ]
INFO: [ app_end ] --START--
INFO: Run Behavior\ShowPageTraceBehavior [ RunTime:0.000667s ]
INFO: [ app_end ] --END-- [ RunTime:0.000730s ]

[ 2016-05-28T21:50:18+08:00 ] ::1 /whc_dbhw/index.php/Admin/Index/courseList.html
INFO: [ app_init ] --START--
INFO: Run Behavior\BuildLiteBehavior [ RunTime:0.000023s ]
INFO: [ app_init ] --END-- [ RunTime:0.001228s ]
INFO: [ app_begin ] --START--
INFO: Run Behavior\ReadHtmlCacheBehavior [ RunTime:0.001073s ]
INFO: [ app_begin ] --END-- [ RunTime:0.001165s ]
SQL: SHOW COLUMNS FROM `clas` [ RunTime:0.0062s ]
SQL: SELECT * FROM `clas`  [ RunTime:0.0004s ]
INFO: [ view_parse ] --START--
INFO: [ template_filter ] --START--
INFO: Run Behavior\ContentReplaceBehavior [ RunTime:0.000122s ]
INFO: [ template_filter ] --END-- [ RunTime:0.000198s ]
INFO: Run Behavior\ParseTemplateBehavior [ RunTime:0.018208s ]
INFO: [ view_parse ] --END-- [ RunTime:0.018317s ]
INFO: [ view_filter ] --START--
INFO: Run Behavior\WriteHtmlCacheBehavior [ RunTime:0.000811s ]
INFO: [ view_filter ] --END-- [ RunTime:0.000890s ]
INFO: [ app_end ] --START--
INFO: Run Behavior\ShowPageTraceBehavior [ RunTime:0.001044s ]
INFO: [ app_end ] --END-- [ RunTime:0.001129s ]

[ 2016-05-28T21:50:49+08:00 ] ::1 /whc_dbhw/index.php/Admin/Index/courseList.html
INFO: [ app_init ] --START--
INFO: Run Behavior\BuildLiteBehavior [ RunTime:0.000015s ]
INFO: [ app_init ] --END-- [ RunTime:0.000461s ]
INFO: [ app_begin ] --START--
INFO: Run Behavior\ReadHtmlCacheBehavior [ RunTime:0.000581s ]
INFO: [ app_begin ] --END-- [ RunTime:0.000645s ]
SQL: SHOW COLUMNS FROM `clas` [ RunTime:0.0045s ]
SQL: SELECT * FROM `clas`  [ RunTime:0.0002s ]
INFO: [ view_parse ] --START--
INFO: [ template_filter ] --START--
INFO: Run Behavior\ContentReplaceBehavior [ RunTime:0.000109s ]
INFO: [ template_filter ] --END-- [ RunTime:0.000161s ]
INFO: Run Behavior\ParseTemplateBehavior [ RunTime:0.011780s ]
INFO: [ view_parse ] --END-- [ RunTime:0.011837s ]
INFO: [ view_filter ] --START--
INFO: Run Behavior\WriteHtmlCacheBehavior [ RunTime:0.000336s ]
INFO: [ view_filter ] --END-- [ RunTime:0.000372s ]
INFO: [ app_end ] --START--
INFO: Run Behavior\ShowPageTraceBehavior [ RunTime:0.000685s ]
INFO: [ app_end ] --END-- [ RunTime:0.000753s ]

[ 2016-05-28T21:52:15+08:00 ] ::1 /whc_dbhw/index.php/Admin/Index/addCourse.html
INFO: [ app_init ] --START--
INFO: Run Behavior\BuildLiteBehavior [ RunTime:0.000023s ]
INFO: [ app_init ] --END-- [ RunTime:0.001025s ]
INFO: [ app_begin ] --START--
INFO: Run Behavior\ReadHtmlCacheBehavior [ RunTime:0.000871s ]
INFO: [ app_begin ] --END-- [ RunTime:0.000961s ]
SQL: SHOW COLUMNS FROM `clas` [ RunTime:0.0040s ]
NOTIC: [2] call_user_func() expects parameter 1 to be a valid callback, no array or string given E:\WEB_wenjian\whc_dbhw\ThinkPHP\Library\Think\Upload.class.php ç¬¬ 170 è¡Œ.
SQL: SELECT * FROM `clas` WHERE ( `classs_id` = 1234567890 )  [ RunTime:0.0004s ]
SQL: INSERT INTO `clas` (`classs_id`,`name`,`tea_name`,`credit`,`recommend_year`,`content`,`pic`,`time`) VALUES ('1234567890','é«˜ç­‰æ•°å­¦','äº‘æ—¥å¤©','5','2016','é«˜ç­‰æ•°å­¦æ˜¯æ¯”åˆç­‰æ•°å­¦æ›´é«˜æ·±çš„æ•°å­¦ã€‚æœ‰äººè¯´ï¼Œåˆç­‰æ•°å­¦ä¹‹å¤–çš„æ•°å­¦éƒ½æ˜¯é«˜ç­‰æ•°å­¦ã€‚ä¹Ÿæœ‰å°†ä¸­å­¦é‡Œè¾ƒæ·±å…¥çš„ä»£æ•°ã€å‡ ä½•ä»¥åŠé›†åˆè®ºåˆæ­¥ã€é€»è¾‘åˆæ­¥ç»Ÿç§°ä¸ºä¸­ç­‰æ•°å­¦çš„ï¼Œå°†å…¶ä½œä¸ºå°å­¦ã€åˆä¸­çš„åˆç­‰æ•°å­¦ä¸æœ¬ç§‘é˜¶æ®µçš„é«˜ç­‰æ•°å­¦ä¹‹é—´çš„è¿‡æ¸¡ã€‚é€šå¸¸è®¤ä¸ºï¼Œé«˜ç­‰æ•°å­¦çš„ä¸»è¦å†…å®¹åŒ…æ‹¬ï¼šæé™ç†è®ºã€ä¸€å…ƒå¾®ç§¯åˆ†å­¦ã€å¤šå…ƒå¾®ç§¯åˆ†å­¦ã€ç©ºé—´è§£æå‡ ä½•ä¸å‘é‡ä»£æ•°ã€çº§æ•°ç†è®ºã€å¸¸å¾®åˆ†æ–¹ç¨‹åˆæ­¥ã€‚åœ¨é«˜ç­‰æ•°å­¦çš„æ•™æä¸­ï¼Œä»¥å¾®ç§¯åˆ†å­¦å’Œçº§æ•°ç†è®ºä¸ºä¸»ä½“ï¼Œå…¶ä»–æ–¹é¢çš„å†…å®¹ä¸ºè¾…ï¼Œå„ç±»è¯¾æœ¬ç•¥æœ‰å·®å¼‚ã€‚','Image20160528/5749a28e317ff.JPG','2016-05-28 21:52:15') [ RunTime:0.0735s ]
INFO: [ view_parse ] --START--
INFO: [ template_filter ] --START--
INFO: Run Behavior\ContentReplaceBehavior [ RunTime:0.000059s ]
INFO: [ template_filter ] --END-- [ RunTime:0.000184s ]
INFO: Run Behavior\ParseTemplateBehavior [ RunTime:0.006734s ]
INFO: [ view_parse ] --END-- [ RunTime:0.006796s ]
INFO: [ view_filter ] --START--
INFO: Run Behavior\WriteHtmlCacheBehavior [ RunTime:0.000459s ]
INFO: [ view_filter ] --END-- [ RunTime:0.000496s ]
INFO: [ app_end ] --START--
INFO: Run Behavior\ShowPageTraceBehavior [ RunTime:0.000651s ]
INFO: [ app_end ] --END-- [ RunTime:0.000688s ]

[ 2016-05-28T21:52:16+08:00 ] ::1 /whc_dbhw/index.php/Admin/Index/courseList.html
INFO: [ app_init ] --START--
INFO: Run Behavior\BuildLiteBehavior [ RunTime:0.000015s ]
INFO: [ app_init ] --END-- [ RunTime:0.000421s ]
INFO: [ app_begin ] --START--
INFO: Run Behavior\ReadHtmlCacheBehavior [ RunTime:0.000773s ]
INFO: [ app_begin ] --END-- [ RunTime:0.000837s ]
SQL: SHOW COLUMNS FROM `clas` [ RunTime:0.0042s ]
SQL: SELECT * FROM `clas`  [ RunTime:0.0003s ]
INFO: [ view_parse ] --START--
INFO: [ template_filter ] --START--
INFO: Run Behavior\ContentReplaceBehavior [ RunTime:0.000079s ]
INFO: [ template_filter ] --END-- [ RunTime:0.000127s ]
INFO: Run Behavior\ParseTemplateBehavior [ RunTime:0.011611s ]
INFO: [ view_parse ] --END-- [ RunTime:0.011673s ]
INFO: [ view_filter ] --START--
INFO: Run Behavior\WriteHtmlCacheBehavior [ RunTime:0.000597s ]
INFO: [ view_filter ] --END-- [ RunTime:0.000647s ]
INFO: [ app_end ] --START--
INFO: Run Behavior\ShowPageTraceBehavior [ RunTime:0.001168s ]
INFO: [ app_end ] --END-- [ RunTime:0.001255s ]

[ 2016-05-28T21:52:38+08:00 ] ::1 /whc_dbhw/index.php/Admin/Index/courseList.html
INFO: [ app_init ] --START--
INFO: Run Behavior\BuildLiteBehavior [ RunTime:0.000022s ]
INFO: [ app_init ] --END-- [ RunTime:0.000665s ]
INFO: [ app_begin ] --START--
INFO: Run Behavior\ReadHtmlCacheBehavior [ RunTime:0.001061s ]
INFO: [ app_begin ] --END-- [ RunTime:0.001148s ]
SQL: SHOW COLUMNS FROM `clas` [ RunTime:0.0287s ]
SQL: SELECT * FROM `clas`  [ RunTime:0.0003s ]
INFO: [ view_parse ] --START--
INFO: [ template_filter ] --START--
INFO: Run Behavior\ContentReplaceBehavior [ RunTime:0.000149s ]
INFO: [ template_filter ] --END-- [ RunTime:0.000241s ]
INFO: Run Behavior\ParseTemplateBehavior [ RunTime:0.018797s ]
INFO: [ view_parse ] --END-- [ RunTime:0.018887s ]
INFO: [ view_filter ] --START--
INFO: Run Behavior\WriteHtmlCacheBehavior [ RunTime:0.000788s ]
INFO: [ view_filter ] --END-- [ RunTime:0.000858s ]
INFO: [ app_end ] --START--
INFO: Run Behavior\ShowPageTraceBehavior [ RunTime:0.001110s ]
INFO: [ app_end ] --END-- [ RunTime:0.001202s ]

[ 2016-05-28T21:53:16+08:00 ] ::1 /whc_dbhw/index.php/Admin/Index/addCourse.html
INFO: [ app_init ] --START--
INFO: Run Behavior\BuildLiteBehavior [ RunTime:0.000016s ]
INFO: [ app_init ] --END-- [ RunTime:0.000494s ]
INFO: [ app_begin ] --START--
INFO: Run Behavior\ReadHtmlCacheBehavior [ RunTime:0.000551s ]
INFO: [ app_begin ] --END-- [ RunTime:0.000606s ]
SQL: SHOW COLUMNS FROM `clas` [ RunTime:0.0053s ]
NOTIC: [2] call_user_func() expects parameter 1 to be a valid callback, no array or string given E:\WEB_wenjian\whc_dbhw\ThinkPHP\Library\Think\Upload.class.php ç¬¬ 170 è¡Œ.
SQL: SELECT * FROM `clas` WHERE ( `classs_id` = 12345678901 )  [ RunTime:0.0004s ]
ERR: 1062:Duplicate entry '1234567890' for key 'PRIMARY'
 [ SQLè¯­å¥ ] : INSERT INTO `clas` (`classs_id`,`name`,`tea_name`,`credit`,`recommend_year`,`content`,`pic`,`time`) VALUES ('12345678901','é«˜ç­‰æ•°å­¦','äº‘æ—¥å¤©','5','2016','é«˜ç­‰æ•°å­¦æ˜¯æ¯”åˆç­‰æ•°å­¦æ›´é«˜æ·±çš„æ•°å­¦ã€‚','Image20160528/5749a2caecbe5.JPG','2016-05-28 21:53:16')
ERR: 1062:Duplicate entry '1234567890' for key 'PRIMARY'
 [ SQLè¯­å¥ ] : INSERT INTO `clas` (`classs_id`,`name`,`tea_name`,`credit`,`recommend_year`,`content`,`pic`,`time`) VALUES ('12345678901','é«˜ç­‰æ•°å­¦','äº‘æ—¥å¤©','5','2016','é«˜ç­‰æ•°å­¦æ˜¯æ¯”åˆç­‰æ•°å­¦æ›´é«˜æ·±çš„æ•°å­¦ã€‚','Image20160528/5749a2caecbe5.JPG','2016-05-28 21:53:16')

[ 2016-05-28T21:53:32+08:00 ] ::1 /whc_dbhw/index.php/Admin/Index/addCourse.html
INFO: [ app_init ] --START--
INFO: Run Behavior\BuildLiteBehavior [ RunTime:0.000020s ]
INFO: [ app_init ] --END-- [ RunTime:0.000614s ]
INFO: [ app_begin ] --START--
INFO: Run Behavior\ReadHtmlCacheBehavior [ RunTime:0.001816s ]
INFO: [ app_begin ] --END-- [ RunTime:0.001970s ]
SQL: SHOW COLUMNS FROM `clas` [ RunTime:0.0044s ]
NOTIC: [2] call_user_func() expects parameter 1 to be a valid callback, no array or string given E:\WEB_wenjian\whc_dbhw\ThinkPHP\Library\Think\Upload.class.php ç¬¬ 170 è¡Œ.
SQL: SELECT * FROM `clas` WHERE ( `classs_id` = 1234567891 )  [ RunTime:0.0004s ]
SQL: INSERT INTO `clas` (`classs_id`,`name`,`tea_name`,`credit`,`recommend_year`,`content`,`pic`,`time`) VALUES ('1234567891','é«˜ç­‰æ•°å­¦','äº‘æ—¥å¤©','5','2016','é«˜ç­‰æ•°å­¦æ˜¯æ¯”åˆç­‰æ•°å­¦æ›´é«˜æ·±çš„æ•°å­¦ã€‚','Image20160528/5749a2dad1436.JPG','2016-05-28 21:53:32') [ RunTime:0.3508s ]
INFO: [ view_parse ] --START--
INFO: [ template_filter ] --START--
INFO: Run Behavior\ContentReplaceBehavior [ RunTime:0.000058s ]
INFO: [ template_filter ] --END-- [ RunTime:0.000133s ]
INFO: Run Behavior\ParseTemplateBehavior [ RunTime:0.009042s ]
INFO: [ view_parse ] --END-- [ RunTime:0.009137s ]
INFO: [ view_filter ] --START--
INFO: Run Behavior\WriteHtmlCacheBehavior [ RunTime:0.000698s ]
INFO: [ view_filter ] --END-- [ RunTime:0.000764s ]
INFO: [ app_end ] --START--
INFO: Run Behavior\ShowPageTraceBehavior [ RunTime:0.000775s ]
INFO: [ app_end ] --END-- [ RunTime:0.000848s ]

[ 2016-05-28T21:53:33+08:00 ] ::1 /whc_dbhw/index.php/Admin/Index/courseList.html
INFO: [ app_init ] --START--
INFO: Run Behavior\BuildLiteBehavior [ RunTime:0.000027s ]
INFO: [ app_init ] --END-- [ RunTime:0.000690s ]
INFO: [ app_begin ] --START--
INFO: Run Behavior\ReadHtmlCacheBehavior [ RunTime:0.000982s ]
INFO: [ app_begin ] --END-- [ RunTime:0.001085s ]
SQL: SHOW COLUMNS FROM `clas` [ RunTime:0.0058s ]
SQL: SELECT * FROM `clas`  [ RunTime:0.0003s ]
INFO: [ view_parse ] --START--
INFO: [ template_filter ] --START--
INFO: Run Behavior\ContentReplaceBehavior [ RunTime:0.000160s ]
INFO: [ template_filter ] --END-- [ RunTime:0.000245s ]
INFO: Run Behavior\ParseTemplateBehavior [ RunTime:0.019013s ]
INFO: [ view_parse ] --END-- [ RunTime:0.019095s ]
INFO: [ view_filter ] --START--
INFO: Run Behavior\WriteHtmlCacheBehavior [ RunTime:0.000744s ]
INFO: [ view_filter ] --END-- [ RunTime:0.000813s ]
INFO: [ app_end ] --START--
INFO: Run Behavior\ShowPageTraceBehavior [ RunTime:0.001049s ]
INFO: [ app_end ] --END-- [ RunTime:0.001152s ]

[ 2016-05-28T21:53:42+08:00 ] ::1 /whc_dbhw/index.php/Admin/Index/addCourse.html
INFO: [ app_init ] --START--
INFO: Run Behavior\BuildLiteBehavior [ RunTime:0.000023s ]
INFO: [ app_init ] --END-- [ RunTime:0.000669s ]
INFO: [ app_begin ] --START--
INFO: Run Behavior\ReadHtmlCacheBehavior [ RunTime:0.001039s ]
INFO: [ app_begin ] --END-- [ RunTime:0.001149s ]
SQL: SHOW COLUMNS FROM `clas` [ RunTime:0.0254s ]
NOTIC: [2] call_user_func() expects parameter 1 to be a valid callback, no array or string given E:\WEB_wenjian\whc_dbhw\ThinkPHP\Library\Think\Upload.class.php ç¬¬ 170 è¡Œ.
SQL: SELECT * FROM `clas` WHERE ( `classs_id` = 1234567892 )  [ RunTime:0.0004s ]
SQL: INSERT INTO `clas` (`classs_id`,`name`,`tea_name`,`credit`,`recommend_year`,`content`,`pic`,`time`) VALUES ('1234567892','é«˜ç­‰æ•°å­¦','äº‘æ—¥å¤©','5','2016','é«˜ç­‰æ•°å­¦æ˜¯æ¯”åˆç­‰æ•°å­¦æ›´é«˜æ·±çš„æ•°å­¦ã€‚','Image20160528/5749a2e4b01b9.JPG','2016-05-28 21:53:42') [ RunTime:0.0638s ]
INFO: [ view_parse ] --START--
INFO: [ template_filter ] --START--
INFO: Run Behavior\ContentReplaceBehavior [ RunTime:0.000058s ]
INFO: [ template_filter ] --END-- [ RunTime:0.000136s ]
INFO: Run Behavior\ParseTemplateBehavior [ RunTime:0.007821s ]
INFO: [ view_parse ] --END-- [ RunTime:0.007888s ]
INFO: [ view_filter ] --START--
INFO: Run Behavior\WriteHtmlCacheBehavior [ RunTime:0.000409s ]
INFO: [ view_filter ] --END-- [ RunTime:0.000449s ]
INFO: [ app_end ] --START--
INFO: Run Behavior\ShowPageTraceBehavior [ RunTime:0.000823s ]
INFO: [ app_end ] --END-- [ RunTime:0.000880s ]

[ 2016-05-28T21:53:43+08:00 ] ::1 /whc_dbhw/index.php/Admin/Index/courseList.html
INFO: [ app_init ] --START--
INFO: Run Behavior\BuildLiteBehavior [ RunTime:0.000028s ]
INFO: [ app_init ] --END-- [ RunTime:0.000875s ]
INFO: [ app_begin ] --START--
INFO: Run Behavior\ReadHtmlCacheBehavior [ RunTime:0.000689s ]
INFO: [ app_begin ] --END-- [ RunTime:0.000760s ]
SQL: SHOW COLUMNS FROM `clas` [ RunTime:0.0046s ]
SQL: SELECT * FROM `clas`  [ RunTime:0.0003s ]
INFO: [ view_parse ] --START--
INFO: [ template_filter ] --START--
INFO: Run Behavior\ContentReplaceBehavior [ RunTime:0.000143s ]
INFO: [ template_filter ] --END-- [ RunTime:0.000227s ]
INFO: Run Behavior\ParseTemplateBehavior [ RunTime:0.016449s ]
INFO: [ view_parse ] --END-- [ RunTime:0.016523s ]
INFO: [ view_filter ] --START--
INFO: Run Behavior\WriteHtmlCacheBehavior [ RunTime:0.000726s ]
INFO: [ view_filter ] --END-- [ RunTime:0.000791s ]
INFO: [ app_end ] --START--
INFO: Run Behavior\ShowPageTraceBehavior [ RunTime:0.001017s ]
INFO: [ app_end ] --END-- [ RunTime:0.001099s ]

[ 2016-05-28T21:53:48+08:00 ] ::1 /whc_dbhw/index.php/Admin/Index/addCourse.html
INFO: [ app_init ] --START--
INFO: Run Behavior\BuildLiteBehavior [ RunTime:0.000020s ]
INFO: [ app_init ] --END-- [ RunTime:0.000571s ]
INFO: [ app_begin ] --START--
INFO: Run Behavior\ReadHtmlCacheBehavior [ RunTime:0.000622s ]
INFO: [ app_begin ] --END-- [ RunTime:0.000683s ]
SQL: SHOW COLUMNS FROM `clas` [ RunTime:0.0181s ]
NOTIC: [2] call_user_func() expects parameter 1 to be a valid callback, no array or string given E:\WEB_wenjian\whc_dbhw\ThinkPHP\Library\Think\Upload.class.php ç¬¬ 170 è¡Œ.
SQL: SELECT * FROM `clas` WHERE ( `classs_id` = 1234567893 )  [ RunTime:0.0003s ]
SQL: INSERT INTO `clas` (`classs_id`,`name`,`tea_name`,`credit`,`recommend_year`,`content`,`pic`,`time`) VALUES ('1234567893','é«˜ç­‰æ•°å­¦','äº‘æ—¥å¤©','5','2016','é«˜ç­‰æ•°å­¦æ˜¯æ¯”åˆç­‰æ•°å­¦æ›´é«˜æ·±çš„æ•°å­¦ã€‚','Image20160528/5749a2eb80055.JPG','2016-05-28 21:53:48') [ RunTime:0.0732s ]
INFO: [ view_parse ] --START--
INFO: [ template_filter ] --START--
INFO: Run Behavior\ContentReplaceBehavior [ RunTime:0.000037s ]
INFO: [ template_filter ] --END-- [ RunTime:0.000088s ]
INFO: Run Behavior\ParseTemplateBehavior [ RunTime:0.006532s ]
INFO: [ view_parse ] --END-- [ RunTime:0.006609s ]
INFO: [ view_filter ] --START--
INFO: Run Behavior\WriteHtmlCacheBehavior [ RunTime:0.000708s ]
INFO: [ view_filter ] --END-- [ RunTime:0.000782s ]
INFO: [ app_end ] --START--
INFO: Run Behavior\ShowPageTraceBehavior [ RunTime:0.000959s ]
INFO: [ app_end ] --END-- [ RunTime:0.001024s ]

[ 2016-05-28T21:53:53+08:00 ] ::1 /whc_dbhw/index.php/Admin/Index/addCourse.html
INFO: [ app_init ] --START--
INFO: Run Behavior\BuildLiteBehavior [ RunTime:0.000020s ]
INFO: [ app_init ] --END-- [ RunTime:0.000627s ]
INFO: [ app_begin ] --START--
INFO: Run Behavior\ReadHtmlCacheBehavior [ RunTime:0.000681s ]
INFO: [ app_begin ] --END-- [ RunTime:0.000752s ]
SQL: SHOW COLUMNS FROM `clas` [ RunTime:0.0045s ]
NOTIC: [2] call_user_func() expects parameter 1 to be a valid callback, no array or string given E:\WEB_wenjian\whc_dbhw\ThinkPHP\Library\Think\Upload.class.php ç¬¬ 170 è¡Œ.
SQL: SELECT * FROM `clas` WHERE ( `classs_id` = 1234567894 )  [ RunTime:0.0004s ]
SQL: INSERT INTO `clas` (`classs_id`,`name`,`tea_name`,`credit`,`recommend_year`,`content`,`pic`,`time`) VALUES ('1234567894','é«˜ç­‰æ•°å­¦','äº‘æ—¥å¤©','5','2016','é«˜ç­‰æ•°å­¦æ˜¯æ¯”åˆç­‰æ•°å­¦æ›´é«˜æ·±çš„æ•°å­¦ã€‚','Image20160528/5749a2f029aa6.JPG','2016-05-28 21:53:53') [ RunTime:0.1010s ]
INFO: [ view_parse ] --START--
INFO: [ template_filter ] --START--
INFO: Run Behavior\ContentReplaceBehavior [ RunTime:0.000069s ]
INFO: [ template_filter ] --END-- [ RunTime:0.000172s ]
INFO: Run Behavior\ParseTemplateBehavior [ RunTime:0.007665s ]
INFO: [ view_parse ] --END-- [ RunTime:0.007755s ]
INFO: [ view_filter ] --START--
INFO: Run Behavior\WriteHtmlCacheBehavior [ RunTime:0.000730s ]
INFO: [ view_filter ] --END-- [ RunTime:0.000798s ]
INFO: [ app_end ] --START--
INFO: Run Behavior\ShowPageTraceBehavior [ RunTime:0.000930s ]
INFO: [ app_end ] --END-- [ RunTime:0.001016s ]

[ 2016-05-28T21:53:57+08:00 ] ::1 /whc_dbhw/index.php/Admin/Index/addCourse.html
INFO: [ app_init ] --START--
INFO: Run Behavior\BuildLiteBehavior [ RunTime:0.000021s ]
INFO: [ app_init ] --END-- [ RunTime:0.000643s ]
INFO: [ app_begin ] --START--
INFO: Run Behavior\ReadHtmlCacheBehavior [ RunTime:0.000994s ]
INFO: [ app_begin ] --END-- [ RunTime:0.001088s ]
SQL: SHOW COLUMNS FROM `clas` [ RunTime:0.0231s ]
NOTIC: [2] call_user_func() expects parameter 1 to be a valid callback, no array or string given E:\WEB_wenjian\whc_dbhw\ThinkPHP\Library\Think\Upload.class.php ç¬¬ 170 è¡Œ.
SQL: SELECT * FROM `clas` WHERE ( `classs_id` = 1234567895 )  [ RunTime:0.0005s ]
SQL: INSERT INTO `clas` (`classs_id`,`name`,`tea_name`,`credit`,`recommend_year`,`content`,`pic`,`time`) VALUES ('1234567895','é«˜ç­‰æ•°å­¦','äº‘æ—¥å¤©','5','2016','é«˜ç­‰æ•°å­¦æ˜¯æ¯”åˆç­‰æ•°å­¦æ›´é«˜æ·±çš„æ•°å­¦ã€‚','Image20160528/5749a2f41b33b.JPG','2016-05-28 21:53:57') [ RunTime:0.0803s ]
INFO: [ view_parse ] --START--
INFO: [ template_filter ] --START--
INFO: Run Behavior\ContentReplaceBehavior [ RunTime:0.000070s ]
INFO: [ template_filter ] --END-- [ RunTime:0.000161s ]
INFO: Run Behavior\ParseTemplateBehavior [ RunTime:0.007567s ]
INFO: [ view_parse ] --END-- [ RunTime:0.007646s ]
INFO: [ view_filter ] --START--
INFO: Run Behavior\WriteHtmlCacheBehavior [ RunTime:0.000480s ]
INFO: [ view_filter ] --END-- [ RunTime:0.000525s ]
INFO: [ app_end ] --START--
INFO: Run Behavior\ShowPageTraceBehavior [ RunTime:0.000697s ]
INFO: [ app_end ] --END-- [ RunTime:0.000747s ]

[ 2016-05-28T21:54:02+08:00 ] ::1 /whc_dbhw/index.php/Admin/Index/addCourse.html
INFO: [ app_init ] --START--
INFO: Run Behavior\BuildLiteBehavior [ RunTime:0.000023s ]
INFO: [ app_init ] --END-- [ RunTime:0.000577s ]
INFO: [ app_begin ] --START--
INFO: Run Behavior\ReadHtmlCacheBehavior [ RunTime:0.000932s ]
INFO: [ app_begin ] --END-- [ RunTime:0.001024s ]
SQL: SHOW COLUMNS FROM `clas` [ RunTime:0.0160s ]
NOTIC: [2] call_user_func() expects parameter 1 to be a valid callback, no array or string given E:\WEB_wenjian\whc_dbhw\ThinkPHP\Library\Think\Upload.class.php ç¬¬ 170 è¡Œ.
SQL: SELECT * FROM `clas` WHERE ( `classs_id` = 1234567896 )  [ RunTime:0.0005s ]
SQL: INSERT INTO `clas` (`classs_id`,`name`,`tea_name`,`credit`,`recommend_year`,`content`,`pic`,`time`) VALUES ('1234567896','é«˜ç­‰æ•°å­¦','äº‘æ—¥å¤©','5','2016','é«˜ç­‰æ•°å­¦æ˜¯æ¯”åˆç­‰æ•°å­¦æ›´é«˜æ·±çš„æ•°å­¦ã€‚','Image20160528/5749a2f88f604.JPG','2016-05-28 21:54:02') [ RunTime:0.0990s ]
INFO: [ view_parse ] --START--
INFO: [ template_filter ] --START--
INFO: Run Behavior\ContentReplaceBehavior [ RunTime:0.000037s ]
INFO: [ template_filter ] --END-- [ RunTime:0.000088s ]
INFO: Run Behavior\ParseTemplateBehavior [ RunTime:0.006422s ]
INFO: [ view_parse ] --END-- [ RunTime:0.006489s ]
INFO: [ view_filter ] --START--
INFO: Run Behavior\WriteHtmlCacheBehavior [ RunTime:0.000546s ]
INFO: [ view_filter ] --END-- [ RunTime:0.000598s ]
INFO: [ app_end ] --START--
INFO: Run Behavior\ShowPageTraceBehavior [ RunTime:0.000796s ]
INFO: [ app_end ] --END-- [ RunTime:0.000849s ]

[ 2016-05-28T21:54:06+08:00 ] ::1 /whc_dbhw/index.php/Admin/Index/addCourse.html
INFO: [ app_init ] --START--
INFO: Run Behavior\BuildLiteBehavior [ RunTime:0.000015s ]
INFO: [ app_init ] --END-- [ RunTime:0.000427s ]
INFO: [ app_begin ] --START--
INFO: Run Behavior\ReadHtmlCacheBehavior [ RunTime:0.000503s ]
INFO: [ app_begin ] --END-- [ RunTime:0.000551s ]
SQL: SHOW COLUMNS FROM `clas` [ RunTime:0.0043s ]
NOTIC: [2] call_user_func() expects parameter 1 to be a valid callback, no array or string given E:\WEB_wenjian\whc_dbhw\ThinkPHP\Library\Think\Upload.class.php ç¬¬ 170 è¡Œ.
SQL: SELECT * FROM `clas` WHERE ( `classs_id` = 1234567897 )  [ RunTime:0.0005s ]
SQL: INSERT INTO `clas` (`classs_id`,`name`,`tea_name`,`credit`,`recommend_year`,`content`,`pic`,`time`) VALUES ('1234567897','é«˜ç­‰æ•°å­¦','äº‘æ—¥å¤©','5','2016','é«˜ç­‰æ•°å­¦æ˜¯æ¯”åˆç­‰æ•°å­¦æ›´é«˜æ·±çš„æ•°å­¦ã€‚','Image20160528/5749a2fd6a98d.JPG','2016-05-28 21:54:06') [ RunTime:0.0995s ]
INFO: [ view_parse ] --START--
INFO: [ template_filter ] --START--
INFO: Run Behavior\ContentReplaceBehavior [ RunTime:0.000032s ]
INFO: [ template_filter ] --END-- [ RunTime:0.000074s ]
INFO: Run Behavior\ParseTemplateBehavior [ RunTime:0.005713s ]
INFO: [ view_parse ] --END-- [ RunTime:0.005769s ]
INFO: [ view_filter ] --START--
INFO: Run Behavior\WriteHtmlCacheBehavior [ RunTime:0.000357s ]
INFO: [ view_filter ] --END-- [ RunTime:0.000402s ]
INFO: [ app_end ] --START--
INFO: Run Behavior\ShowPageTraceBehavior [ RunTime:0.000519s ]
INFO: [ app_end ] --END-- [ RunTime:0.000556s ]

[ 2016-05-28T21:54:20+08:00 ] ::1 /whc_dbhw/index.php/Admin/Index/addCourse.html
INFO: [ app_init ] --START--
INFO: Run Behavior\BuildLiteBehavior [ RunTime:0.000015s ]
INFO: [ app_init ] --END-- [ RunTime:0.000430s ]
INFO: [ app_begin ] --START--
INFO: Run Behavior\ReadHtmlCacheBehavior [ RunTime:0.000749s ]
INFO: [ app_begin ] --END-- [ RunTime:0.000833s ]
SQL: SHOW COLUMNS FROM `clas` [ RunTime:0.0047s ]
NOTIC: [2] call_user_func() expects parameter 1 to be a valid callback, no array or string given E:\WEB_wenjian\whc_dbhw\ThinkPHP\Library\Think\Upload.class.php ç¬¬ 170 è¡Œ.
SQL: SELECT * FROM `clas` WHERE ( `classs_id` = 1234567898 )  [ RunTime:0.0004s ]
SQL: INSERT INTO `clas` (`classs_id`,`name`,`tea_name`,`credit`,`recommend_year`,`content`,`pic`,`time`) VALUES ('1234567898','é«˜ç­‰æ•°å­¦','äº‘æ—¥å¤©','5','2016','é«˜ç­‰æ•°å­¦æ˜¯æ¯”åˆç­‰æ•°å­¦æ›´é«˜æ·±çš„æ•°å­¦ã€‚','Image20160528/5749a30b1a36f.JPG','2016-05-28 21:54:20') [ RunTime:0.0697s ]
INFO: [ view_parse ] --START--
INFO: [ template_filter ] --START--
INFO: Run Behavior\ContentReplaceBehavior [ RunTime:0.000057s ]
INFO: [ template_filter ] --END-- [ RunTime:0.000133s ]
INFO: Run Behavior\ParseTemplateBehavior [ RunTime:0.007227s ]
INFO: [ view_parse ] --END-- [ RunTime:0.007306s ]
INFO: [ view_filter ] --START--
INFO: Run Behavior\WriteHtmlCacheBehavior [ RunTime:0.000445s ]
INFO: [ view_filter ] --END-- [ RunTime:0.000493s ]
INFO: [ app_end ] --START--
INFO: Run Behavior\ShowPageTraceBehavior [ RunTime:0.000656s ]
INFO: [ app_end ] --END-- [ RunTime:0.000700s ]

[ 2016-05-28T21:54:21+08:00 ] ::1 /whc_dbhw/index.php/Admin/Index/courseList.html
INFO: [ app_init ] --START--
INFO: Run Behavior\BuildLiteBehavior [ RunTime:0.000021s ]
INFO: [ app_init ] --END-- [ RunTime:0.000528s ]
INFO: [ app_begin ] --START--
INFO: Run Behavior\ReadHtmlCacheBehavior [ RunTime:0.000609s ]
INFO: [ app_begin ] --END-- [ RunTime:0.000666s ]
SQL: SHOW COLUMNS FROM `clas` [ RunTime:0.0050s ]
SQL: SELECT * FROM `clas`  [ RunTime:0.0004s ]
INFO: [ view_parse ] --START--
INFO: [ template_filter ] --START--
INFO: Run Behavior\ContentReplaceBehavior [ RunTime:0.000146s ]
INFO: [ template_filter ] --END-- [ RunTime:0.000239s ]
INFO: Run Behavior\ParseTemplateBehavior [ RunTime:0.019359s ]
INFO: [ view_parse ] --END-- [ RunTime:0.019453s ]
INFO: [ view_filter ] --START--
INFO: Run Behavior\WriteHtmlCacheBehavior [ RunTime:0.000695s ]
INFO: [ view_filter ] --END-- [ RunTime:0.000761s ]
INFO: [ app_end ] --START--
INFO: Run Behavior\ShowPageTraceBehavior [ RunTime:0.001190s ]
INFO: [ app_end ] --END-- [ RunTime:0.001289s ]

[ 2016-05-28T21:54:26+08:00 ] ::1 /whc_dbhw/index.php/Admin/Index/addCourse.html
INFO: [ app_init ] --START--
INFO: Run Behavior\BuildLiteBehavior [ RunTime:0.000013s ]
INFO: [ app_init ] --END-- [ RunTime:0.000378s ]
INFO: [ app_begin ] --START--
INFO: Run Behavior\ReadHtmlCacheBehavior [ RunTime:0.000570s ]
INFO: [ app_begin ] --END-- [ RunTime:0.000622s ]
SQL: SHOW COLUMNS FROM `clas` [ RunTime:0.0106s ]
NOTIC: [2] call_user_func() expects parameter 1 to be a valid callback, no array or string given E:\WEB_wenjian\whc_dbhw\ThinkPHP\Library\Think\Upload.class.php ç¬¬ 170 è¡Œ.
SQL: SELECT * FROM `clas` WHERE ( `classs_id` = 1234567899 )  [ RunTime:0.0004s ]
SQL: INSERT INTO `clas` (`classs_id`,`name`,`tea_name`,`credit`,`recommend_year`,`content`,`pic`,`time`) VALUES ('1234567899','é«˜ç­‰æ•°å­¦','äº‘æ—¥å¤©','5','2016','é«˜ç­‰æ•°å­¦æ˜¯æ¯”åˆç­‰æ•°å­¦æ›´é«˜æ·±çš„æ•°å­¦ã€‚','Image20160528/5749a3112535f.JPG','2016-05-28 21:54:26') [ RunTime:0.0721s ]
INFO: [ view_parse ] --START--
INFO: [ template_filter ] --START--
INFO: Run Behavior\ContentReplaceBehavior [ RunTime:0.000051s ]
INFO: [ template_filter ] --END-- [ RunTime:0.000117s ]
INFO: Run Behavior\ParseTemplateBehavior [ RunTime:0.005730s ]
INFO: [ view_parse ] --END-- [ RunTime:0.005811s ]
INFO: [ view_filter ] --START--
INFO: Run Behavior\WriteHtmlCacheBehavior [ RunTime:0.000547s ]
INFO: [ view_filter ] --END-- [ RunTime:0.000597s ]
INFO: [ app_end ] --START--
INFO: Run Behavior\ShowPageTraceBehavior [ RunTime:0.000528s ]
INFO: [ app_end ] --END-- [ RunTime:0.000564s ]

[ 2016-05-28T21:54:27+08:00 ] ::1 /whc_dbhw/index.php/Admin/Index/courseList.html
INFO: [ app_init ] --START--
INFO: Run Behavior\BuildLiteBehavior [ RunTime:0.000014s ]
INFO: [ app_init ] --END-- [ RunTime:0.000392s ]
INFO: [ app_begin ] --START--
INFO: Run Behavior\ReadHtmlCacheBehavior [ RunTime:0.000564s ]
INFO: [ app_begin ] --END-- [ RunTime:0.000627s ]
SQL: SHOW COLUMNS FROM `clas` [ RunTime:0.0041s ]
SQL: SELECT * FROM `clas`  [ RunTime:0.0004s ]
INFO: [ view_parse ] --START--
INFO: [ template_filter ] --START--
INFO: Run Behavior\ContentReplaceBehavior [ RunTime:0.000103s ]
INFO: [ template_filter ] --END-- [ RunTime:0.000171s ]
INFO: Run Behavior\ParseTemplateBehavior [ RunTime:0.013625s ]
INFO: [ view_parse ] --END-- [ RunTime:0.013699s ]
INFO: [ view_filter ] --START--
INFO: Run Behavior\WriteHtmlCacheBehavior [ RunTime:0.000817s ]
INFO: [ view_filter ] --END-- [ RunTime:0.000932s ]
INFO: [ app_end ] --START--
INFO: Run Behavior\ShowPageTraceBehavior [ RunTime:0.001095s ]
INFO: [ app_end ] --END-- [ RunTime:0.001187s ]

[ 2016-05-28T21:55:02+08:00 ] ::1 /whc_dbhw/index.php/Admin/Index/forms.html
INFO: [ app_init ] --START--
INFO: Run Behavior\BuildLiteBehavior [ RunTime:0.000019s ]
INFO: [ app_init ] --END-- [ RunTime:0.000477s ]
INFO: [ app_begin ] --START--
INFO: Run Behavior\ReadHtmlCacheBehavior [ RunTime:0.001068s ]
INFO: [ app_begin ] --END-- [ RunTime:0.001190s ]
INFO: [ view_parse ] --START--
INFO: [ template_filter ] --START--
INFO: Run Behavior\ContentReplaceBehavior [ RunTime:0.000138s ]
INFO: [ template_filter ] --END-- [ RunTime:0.000219s ]
INFO: Run Behavior\ParseTemplateBehavior [ RunTime:0.020603s ]
INFO: [ view_parse ] --END-- [ RunTime:0.020718s ]
INFO: [ view_filter ] --START--
INFO: Run Behavior\WriteHtmlCacheBehavior [ RunTime:0.000416s ]
INFO: [ view_filter ] --END-- [ RunTime:0.000476s ]
INFO: [ app_end ] --START--
INFO: Run Behavior\ShowPageTraceBehavior [ RunTime:0.000837s ]
INFO: [ app_end ] --END-- [ RunTime:0.000952s ]

